[2025-03-20, 12:17:34] ldapsearch -x -H ldaps://ldap.lab.it.uc3m.es -b "ou=Alum,dc=lab,dc=it,dc=uc3m,dc=es" -s one "(&(!(cn=*JU*))(cn=*MAR*))" dn
# extended LDIF
#
# LDAPv3
# base <ou=Alum,dc=lab,dc=it,dc=uc3m,dc=es> with scope oneLevel
# filter: (&(!(cn=*JU*))(cn=*MAR*))
# requesting: dn 
#

# 0060781, Alum, lab.it.uc3m.es
dn: uid=0060781,ou=Alum,dc=lab,dc=it,dc=uc3m,dc=es

# 0068089, Alum, lab.it.uc3m.es
dn: uid=0068089,ou=Alum,dc=lab,dc=it,dc=uc3m,dc=es

# 0068132, Alum, lab.it.uc3m.es
dn: uid=0068132,ou=Alum,dc=lab,dc=it,dc=uc3m,dc=es

# 0060691, Alum, lab.it.uc3m.es
dn: uid=0060691,ou=Alum,dc=lab,dc=it,dc=uc3m,dc=es

# 0062753, Alum, lab.it.uc3m.es
dn: uid=0062753,ou=Alum,dc=lab,dc=it,dc=uc3m,dc=es

# 0066622, Alum, lab.it.uc3m.es
dn: uid=0066622,ou=Alum,dc=lab,dc=it,dc=uc3m,dc=es

# 0074441, Alum, lab.it.uc3m.es
dn: uid=0074441,ou=Alum,dc=lab,dc=it,dc=uc3m,dc=es

# 0072697, Alum, lab.it.uc3m.es
dn: uid=0072697,ou=Alum,dc=lab,dc=it,dc=uc3m,dc=es

# 0060825, Alum, lab.it.uc3m.es
dn: uid=0060825,ou=Alum,dc=lab,dc=it,dc=uc3m,dc=es

# 0276053, Alum, lab.it.uc3m.es
dn: uid=0276053,ou=Alum,dc=lab,dc=it,dc=uc3m,dc=es

# 0080810, Alum, lab.it.uc3m.es
dn: uid=0080810,ou=Alum,dc=lab,dc=it,dc=uc3m,dc=es

# 0080719, Alum, lab.it.uc3m.es
dn: uid=0080719,ou=Alum,dc=lab,dc=it,dc=uc3m,dc=es

# 0074002, Alum, lab.it.uc3m.es
dn: uid=0074002,ou=Alum,dc=lab,dc=it,dc=uc3m,dc=es

# 0058760, Alum, lab.it.uc3m.es
dn: uid=0058760,ou=Alum,dc=lab,dc=it,dc=uc3m,dc=es

# 0291481, Alum, lab.it.uc3m.es
dn: uid=0291481,ou=Alum,dc=lab,dc=it,dc=uc3m,dc=es

# 0282663, Alum, lab.it.uc3m.es
dn: uid=0282663,ou=Alum,dc=lab,dc=it,dc=uc3m,dc=es

# 0080574, Alum, lab.it.uc3m.es
dn: uid=0080574,ou=Alum,dc=lab,dc=it,dc=uc3m,dc=es

# 0290933, Alum, lab.it.uc3m.es
dn: uid=0290933,ou=Alum,dc=lab,dc=it,dc=uc3m,dc=es

# 0318296, Alum, lab.it.uc3m.es
dn: uid=0318296,ou=Alum,dc=lab,dc=it,dc=uc3m,dc=es

# 0292094, Alum, lab.it.uc3m.es
dn: uid=0292094,ou=Alum,dc=lab,dc=it,dc=uc3m,dc=es

# 0306601, Alum, lab.it.uc3m.es
dn: uid=0306601,ou=Alum,dc=lab,dc=it,dc=uc3m,dc=es

# 0312983, Alum, lab.it.uc3m.es
dn: uid=0312983,ou=Alum,dc=lab,dc=it,dc=uc3m,dc=es

# 0315895, Alum, lab.it.uc3m.es
dn: uid=0315895,ou=Alum,dc=lab,dc=it,dc=uc3m,dc=es

# 0330514, Alum, lab.it.uc3m.es
dn: uid=0330514,ou=Alum,dc=lab,dc=it,dc=uc3m,dc=es

# 0330436, Alum, lab.it.uc3m.es
dn: uid=0330436,ou=Alum,dc=lab,dc=it,dc=uc3m,dc=es

# 0315313, Alum, lab.it.uc3m.es
dn: uid=0315313,ou=Alum,dc=lab,dc=it,dc=uc3m,dc=es

# 0316975, Alum, lab.it.uc3m.es
dn: uid=0316975,ou=Alum,dc=lab,dc=it,dc=uc3m,dc=es

# 0330336, Alum, lab.it.uc3m.es
dn: uid=0330336,ou=Alum,dc=lab,dc=it,dc=uc3m,dc=es

# 0330775, Alum, lab.it.uc3m.es
dn: uid=0330775,ou=Alum,dc=lab,dc=it,dc=uc3m,dc=es

# 0346923, Alum, lab.it.uc3m.es
dn: uid=0346923,ou=Alum,dc=lab,dc=it,dc=uc3m,dc=es

# 0346346, Alum, lab.it.uc3m.es
dn: uid=0346346,ou=Alum,dc=lab,dc=it,dc=uc3m,dc=es

# 0330054, Alum, lab.it.uc3m.es
dn: uid=0330054,ou=Alum,dc=lab,dc=it,dc=uc3m,dc=es

# 0330613, Alum, lab.it.uc3m.es
dn: uid=0330613,ou=Alum,dc=lab,dc=it,dc=uc3m,dc=es

# 0329913, Alum, lab.it.uc3m.es
dn: uid=0329913,ou=Alum,dc=lab,dc=it,dc=uc3m,dc=es

# 0364206, Alum, lab.it.uc3m.es
dn: uid=0364206,ou=Alum,dc=lab,dc=it,dc=uc3m,dc=es

# 0364527, Alum, lab.it.uc3m.es
dn: uid=0364527,ou=Alum,dc=lab,dc=it,dc=uc3m,dc=es

# 0364545, Alum, lab.it.uc3m.es
dn: uid=0364545,ou=Alum,dc=lab,dc=it,dc=uc3m,dc=es

# 0364482, Alum, lab.it.uc3m.es
dn: uid=0364482,ou=Alum,dc=lab,dc=it,dc=uc3m,dc=es

# 0364533, Alum, lab.it.uc3m.es
dn: uid=0364533,ou=Alum,dc=lab,dc=it,dc=uc3m,dc=es

# 0364040, Alum, lab.it.uc3m.es
dn: uid=0364040,ou=Alum,dc=lab,dc=it,dc=uc3m,dc=es

# 0364318, Alum, lab.it.uc3m.es
dn: uid=0364318,ou=Alum,dc=lab,dc=it,dc=uc3m,dc=es

# 0363963, Alum, lab.it.uc3m.es
dn: uid=0363963,ou=Alum,dc=lab,dc=it,dc=uc3m,dc=es

# 0364419, Alum, lab.it.uc3m.es
dn: uid=0364419,ou=Alum,dc=lab,dc=it,dc=uc3m,dc=es

# 0363904, Alum, lab.it.uc3m.es
dn: uid=0363904,ou=Alum,dc=lab,dc=it,dc=uc3m,dc=es

# 0384053, Alum, lab.it.uc3m.es
dn: uid=0384053,ou=Alum,dc=lab,dc=it,dc=uc3m,dc=es

# 0383122, Alum, lab.it.uc3m.es
dn: uid=0383122,ou=Alum,dc=lab,dc=it,dc=uc3m,dc=es

# 0384018, Alum, lab.it.uc3m.es
dn: uid=0384018,ou=Alum,dc=lab,dc=it,dc=uc3m,dc=es

# 0384023, Alum, lab.it.uc3m.es
dn: uid=0384023,ou=Alum,dc=lab,dc=it,dc=uc3m,dc=es

# 0384116, Alum, lab.it.uc3m.es
dn: uid=0384116,ou=Alum,dc=lab,dc=it,dc=uc3m,dc=es

# 0384060, Alum, lab.it.uc3m.es
dn: uid=0384060,ou=Alum,dc=lab,dc=it,dc=uc3m,dc=es

# 0362408, Alum, lab.it.uc3m.es
dn: uid=0362408,ou=Alum,dc=lab,dc=it,dc=uc3m,dc=es

# 0384091, Alum, lab.it.uc3m.es
dn: uid=0384091,ou=Alum,dc=lab,dc=it,dc=uc3m,dc=es

# 0388279, Alum, lab.it.uc3m.es
dn: uid=0388279,ou=Alum,dc=lab,dc=it,dc=uc3m,dc=es

# 0383753, Alum, lab.it.uc3m.es
dn: uid=0383753,ou=Alum,dc=lab,dc=it,dc=uc3m,dc=es

# 0384121, Alum, lab.it.uc3m.es
dn: uid=0384121,ou=Alum,dc=lab,dc=it,dc=uc3m,dc=es

# 0383560, Alum, lab.it.uc3m.es
dn: uid=0383560,ou=Alum,dc=lab,dc=it,dc=uc3m,dc=es

# 0384123, Alum, lab.it.uc3m.es
dn: uid=0384123,ou=Alum,dc=lab,dc=it,dc=uc3m,dc=es

# 0383408, Alum, lab.it.uc3m.es
dn: uid=0383408,ou=Alum,dc=lab,dc=it,dc=uc3m,dc=es

# 0345838, Alum, lab.it.uc3m.es
dn: uid=0345838,ou=Alum,dc=lab,dc=it,dc=uc3m,dc=es

# 0383492, Alum, lab.it.uc3m.es
dn: uid=0383492,ou=Alum,dc=lab,dc=it,dc=uc3m,dc=es

# 0384046, Alum, lab.it.uc3m.es
dn: uid=0384046,ou=Alum,dc=lab,dc=it,dc=uc3m,dc=es

# 0384134, Alum, lab.it.uc3m.es
dn: uid=0384134,ou=Alum,dc=lab,dc=it,dc=uc3m,dc=es

# 0384042, Alum, lab.it.uc3m.es
dn: uid=0384042,ou=Alum,dc=lab,dc=it,dc=uc3m,dc=es

# 0384125, Alum, lab.it.uc3m.es
dn: uid=0384125,ou=Alum,dc=lab,dc=it,dc=uc3m,dc=es

# 0406624, Alum, lab.it.uc3m.es
dn: uid=0406624,ou=Alum,dc=lab,dc=it,dc=uc3m,dc=es

# 0406594, Alum, lab.it.uc3m.es
dn: uid=0406594,ou=Alum,dc=lab,dc=it,dc=uc3m,dc=es

# 0406691, Alum, lab.it.uc3m.es
dn: uid=0406691,ou=Alum,dc=lab,dc=it,dc=uc3m,dc=es

# 0406560, Alum, lab.it.uc3m.es
dn: uid=0406560,ou=Alum,dc=lab,dc=it,dc=uc3m,dc=es

# 0386900, Alum, lab.it.uc3m.es
dn: uid=0386900,ou=Alum,dc=lab,dc=it,dc=uc3m,dc=es

# 0383448, Alum, lab.it.uc3m.es
dn: uid=0383448,ou=Alum,dc=lab,dc=it,dc=uc3m,dc=es

# 0406544, Alum, lab.it.uc3m.es
dn: uid=0406544,ou=Alum,dc=lab,dc=it,dc=uc3m,dc=es

# 0406211, Alum, lab.it.uc3m.es
dn: uid=0406211,ou=Alum,dc=lab,dc=it,dc=uc3m,dc=es

# 0406497, Alum, lab.it.uc3m.es
dn: uid=0406497,ou=Alum,dc=lab,dc=it,dc=uc3m,dc=es

# 0383206, Alum, lab.it.uc3m.es
dn: uid=0383206,ou=Alum,dc=lab,dc=it,dc=uc3m,dc=es

# 0406651, Alum, lab.it.uc3m.es
dn: uid=0406651,ou=Alum,dc=lab,dc=it,dc=uc3m,dc=es

# 0409358, Alum, lab.it.uc3m.es
dn: uid=0409358,ou=Alum,dc=lab,dc=it,dc=uc3m,dc=es

# 0406673, Alum, lab.it.uc3m.es
dn: uid=0406673,ou=Alum,dc=lab,dc=it,dc=uc3m,dc=es

# 0364197, Alum, lab.it.uc3m.es
dn: uid=0364197,ou=Alum,dc=lab,dc=it,dc=uc3m,dc=es

# 0406636, Alum, lab.it.uc3m.es
dn: uid=0406636,ou=Alum,dc=lab,dc=it,dc=uc3m,dc=es

# 0406639, Alum, lab.it.uc3m.es
dn: uid=0406639,ou=Alum,dc=lab,dc=it,dc=uc3m,dc=es

# 0406269, Alum, lab.it.uc3m.es
dn: uid=0406269,ou=Alum,dc=lab,dc=it,dc=uc3m,dc=es

# 0406274, Alum, lab.it.uc3m.es
dn: uid=0406274,ou=Alum,dc=lab,dc=it,dc=uc3m,dc=es

# 0384054, Alum, lab.it.uc3m.es
dn: uid=0384054,ou=Alum,dc=lab,dc=it,dc=uc3m,dc=es

# 0406708, Alum, lab.it.uc3m.es
dn: uid=0406708,ou=Alum,dc=lab,dc=it,dc=uc3m,dc=es

# 0406661, Alum, lab.it.uc3m.es
dn: uid=0406661,ou=Alum,dc=lab,dc=it,dc=uc3m,dc=es

# 0383613, Alum, lab.it.uc3m.es
dn: uid=0383613,ou=Alum,dc=lab,dc=it,dc=uc3m,dc=es

# 0383386, Alum, lab.it.uc3m.es
dn: uid=0383386,ou=Alum,dc=lab,dc=it,dc=uc3m,dc=es

# 0406607, Alum, lab.it.uc3m.es
dn: uid=0406607,ou=Alum,dc=lab,dc=it,dc=uc3m,dc=es

# 0406508, Alum, lab.it.uc3m.es
dn: uid=0406508,ou=Alum,dc=lab,dc=it,dc=uc3m,dc=es

# 0406553, Alum, lab.it.uc3m.es
dn: uid=0406553,ou=Alum,dc=lab,dc=it,dc=uc3m,dc=es

# 0406622, Alum, lab.it.uc3m.es
dn: uid=0406622,ou=Alum,dc=lab,dc=it,dc=uc3m,dc=es

# 0406706, Alum, lab.it.uc3m.es
dn: uid=0406706,ou=Alum,dc=lab,dc=it,dc=uc3m,dc=es

# 0423512, Alum, lab.it.uc3m.es
dn: uid=0423512,ou=Alum,dc=lab,dc=it,dc=uc3m,dc=es

# 0406255, Alum, lab.it.uc3m.es
dn: uid=0406255,ou=Alum,dc=lab,dc=it,dc=uc3m,dc=es

# 0409341, Alum, lab.it.uc3m.es
dn: uid=0409341,ou=Alum,dc=lab,dc=it,dc=uc3m,dc=es

# 0384072, Alum, lab.it.uc3m.es
dn: uid=0384072,ou=Alum,dc=lab,dc=it,dc=uc3m,dc=es

# 0406542, Alum, lab.it.uc3m.es
dn: uid=0406542,ou=Alum,dc=lab,dc=it,dc=uc3m,dc=es

# 0429809, Alum, lab.it.uc3m.es
dn: uid=0429809,ou=Alum,dc=lab,dc=it,dc=uc3m,dc=es

# 0429724, Alum, lab.it.uc3m.es
dn: uid=0429724,ou=Alum,dc=lab,dc=it,dc=uc3m,dc=es

# 0429693, Alum, lab.it.uc3m.es
dn: uid=0429693,ou=Alum,dc=lab,dc=it,dc=uc3m,dc=es

# 0429297, Alum, lab.it.uc3m.es
dn: uid=0429297,ou=Alum,dc=lab,dc=it,dc=uc3m,dc=es

# 0429708, Alum, lab.it.uc3m.es
dn: uid=0429708,ou=Alum,dc=lab,dc=it,dc=uc3m,dc=es

# 0429435, Alum, lab.it.uc3m.es
dn: uid=0429435,ou=Alum,dc=lab,dc=it,dc=uc3m,dc=es

# 0429718, Alum, lab.it.uc3m.es
dn: uid=0429718,ou=Alum,dc=lab,dc=it,dc=uc3m,dc=es

# 0387202, Alum, lab.it.uc3m.es
dn: uid=0387202,ou=Alum,dc=lab,dc=it,dc=uc3m,dc=es

# 0416181, Alum, lab.it.uc3m.es
dn: uid=0416181,ou=Alum,dc=lab,dc=it,dc=uc3m,dc=es

# 0429460, Alum, lab.it.uc3m.es
dn: uid=0429460,ou=Alum,dc=lab,dc=it,dc=uc3m,dc=es

# 0429519, Alum, lab.it.uc3m.es
dn: uid=0429519,ou=Alum,dc=lab,dc=it,dc=uc3m,dc=es

# 0426185, Alum, lab.it.uc3m.es
dn: uid=0426185,ou=Alum,dc=lab,dc=it,dc=uc3m,dc=es

# 0429626, Alum, lab.it.uc3m.es
dn: uid=0429626,ou=Alum,dc=lab,dc=it,dc=uc3m,dc=es

# 0364589, Alum, lab.it.uc3m.es
dn: uid=0364589,ou=Alum,dc=lab,dc=it,dc=uc3m,dc=es

# 0429198, Alum, lab.it.uc3m.es
dn: uid=0429198,ou=Alum,dc=lab,dc=it,dc=uc3m,dc=es

# 0406233, Alum, lab.it.uc3m.es
dn: uid=0406233,ou=Alum,dc=lab,dc=it,dc=uc3m,dc=es

# 0364577, Alum, lab.it.uc3m.es
dn: uid=0364577,ou=Alum,dc=lab,dc=it,dc=uc3m,dc=es

# 0429317, Alum, lab.it.uc3m.es
dn: uid=0429317,ou=Alum,dc=lab,dc=it,dc=uc3m,dc=es

# 0444315, Alum, lab.it.uc3m.es
dn: uid=0444315,ou=Alum,dc=lab,dc=it,dc=uc3m,dc=es

# 0429341, Alum, lab.it.uc3m.es
dn: uid=0429341,ou=Alum,dc=lab,dc=it,dc=uc3m,dc=es

# 0447744, Alum, lab.it.uc3m.es
dn: uid=0447744,ou=Alum,dc=lab,dc=it,dc=uc3m,dc=es

# 0447430, Alum, lab.it.uc3m.es
dn: uid=0447430,ou=Alum,dc=lab,dc=it,dc=uc3m,dc=es

# 0429248, Alum, lab.it.uc3m.es
dn: uid=0429248,ou=Alum,dc=lab,dc=it,dc=uc3m,dc=es

# 0395997, Alum, lab.it.uc3m.es
dn: uid=0395997,ou=Alum,dc=lab,dc=it,dc=uc3m,dc=es

# 0345828, Alum, lab.it.uc3m.es
dn: uid=0345828,ou=Alum,dc=lab,dc=it,dc=uc3m,dc=es

# 0457260, Alum, lab.it.uc3m.es
dn: uid=0457260,ou=Alum,dc=lab,dc=it,dc=uc3m,dc=es

# 0451897, Alum, lab.it.uc3m.es
dn: uid=0451897,ou=Alum,dc=lab,dc=it,dc=uc3m,dc=es

# 0451724, Alum, lab.it.uc3m.es
dn: uid=0451724,ou=Alum,dc=lab,dc=it,dc=uc3m,dc=es

# 0451980, Alum, lab.it.uc3m.es
dn: uid=0451980,ou=Alum,dc=lab,dc=it,dc=uc3m,dc=es

# 0451832, Alum, lab.it.uc3m.es
dn: uid=0451832,ou=Alum,dc=lab,dc=it,dc=uc3m,dc=es

# 0451979, Alum, lab.it.uc3m.es
dn: uid=0451979,ou=Alum,dc=lab,dc=it,dc=uc3m,dc=es

# 0453038, Alum, lab.it.uc3m.es
dn: uid=0453038,ou=Alum,dc=lab,dc=it,dc=uc3m,dc=es

# 0451837, Alum, lab.it.uc3m.es
dn: uid=0451837,ou=Alum,dc=lab,dc=it,dc=uc3m,dc=es

# 0429702, Alum, lab.it.uc3m.es
dn: uid=0429702,ou=Alum,dc=lab,dc=it,dc=uc3m,dc=es

# 0451423, Alum, lab.it.uc3m.es
dn: uid=0451423,ou=Alum,dc=lab,dc=it,dc=uc3m,dc=es

# 0451470, Alum, lab.it.uc3m.es
dn: uid=0451470,ou=Alum,dc=lab,dc=it,dc=uc3m,dc=es

# 0451637, Alum, lab.it.uc3m.es
dn: uid=0451637,ou=Alum,dc=lab,dc=it,dc=uc3m,dc=es

# 0451458, Alum, lab.it.uc3m.es
dn: uid=0451458,ou=Alum,dc=lab,dc=it,dc=uc3m,dc=es

# 0451409, Alum, lab.it.uc3m.es
dn: uid=0451409,ou=Alum,dc=lab,dc=it,dc=uc3m,dc=es

# 0451446, Alum, lab.it.uc3m.es
dn: uid=0451446,ou=Alum,dc=lab,dc=it,dc=uc3m,dc=es

# 0451544, Alum, lab.it.uc3m.es
dn: uid=0451544,ou=Alum,dc=lab,dc=it,dc=uc3m,dc=es

# 0451650, Alum, lab.it.uc3m.es
dn: uid=0451650,ou=Alum,dc=lab,dc=it,dc=uc3m,dc=es

# 0428982, Alum, lab.it.uc3m.es
dn: uid=0428982,ou=Alum,dc=lab,dc=it,dc=uc3m,dc=es

# 0451426, Alum, lab.it.uc3m.es
dn: uid=0451426,ou=Alum,dc=lab,dc=it,dc=uc3m,dc=es

# 0451629, Alum, lab.it.uc3m.es
dn: uid=0451629,ou=Alum,dc=lab,dc=it,dc=uc3m,dc=es

# 0451411, Alum, lab.it.uc3m.es
dn: uid=0451411,ou=Alum,dc=lab,dc=it,dc=uc3m,dc=es

# 0468419, Alum, lab.it.uc3m.es
dn: uid=0468419,ou=Alum,dc=lab,dc=it,dc=uc3m,dc=es

# 0408743, Alum, lab.it.uc3m.es
dn: uid=0408743,ou=Alum,dc=lab,dc=it,dc=uc3m,dc=es

# 0429558, Alum, lab.it.uc3m.es
dn: uid=0429558,ou=Alum,dc=lab,dc=it,dc=uc3m,dc=es

# 0451394, Alum, lab.it.uc3m.es
dn: uid=0451394,ou=Alum,dc=lab,dc=it,dc=uc3m,dc=es

# 0429126, Alum, lab.it.uc3m.es
dn: uid=0429126,ou=Alum,dc=lab,dc=it,dc=uc3m,dc=es

# 0429690, Alum, lab.it.uc3m.es
dn: uid=0429690,ou=Alum,dc=lab,dc=it,dc=uc3m,dc=es

# 0428970, Alum, lab.it.uc3m.es
dn: uid=0428970,ou=Alum,dc=lab,dc=it,dc=uc3m,dc=es

# 0451533, Alum, lab.it.uc3m.es
dn: uid=0451533,ou=Alum,dc=lab,dc=it,dc=uc3m,dc=es

# 0444599, Alum, lab.it.uc3m.es
dn: uid=0444599,ou=Alum,dc=lab,dc=it,dc=uc3m,dc=es

# 0451619, Alum, lab.it.uc3m.es
dn: uid=0451619,ou=Alum,dc=lab,dc=it,dc=uc3m,dc=es

# 0468936, Alum, lab.it.uc3m.es
dn: uid=0468936,ou=Alum,dc=lab,dc=it,dc=uc3m,dc=es

# 0451424, Alum, lab.it.uc3m.es
dn: uid=0451424,ou=Alum,dc=lab,dc=it,dc=uc3m,dc=es

# 0468983, Alum, lab.it.uc3m.es
dn: uid=0468983,ou=Alum,dc=lab,dc=it,dc=uc3m,dc=es

# 0466893, Alum, lab.it.uc3m.es
dn: uid=0466893,ou=Alum,dc=lab,dc=it,dc=uc3m,dc=es

# 0470608, Alum, lab.it.uc3m.es
dn: uid=0470608,ou=Alum,dc=lab,dc=it,dc=uc3m,dc=es

# 0464809, Alum, lab.it.uc3m.es
dn: uid=0464809,ou=Alum,dc=lab,dc=it,dc=uc3m,dc=es

# 0429893, Alum, lab.it.uc3m.es
dn: uid=0429893,ou=Alum,dc=lab,dc=it,dc=uc3m,dc=es

# 0428692, Alum, lab.it.uc3m.es
dn: uid=0428692,ou=Alum,dc=lab,dc=it,dc=uc3m,dc=es

# 0429984, Alum, lab.it.uc3m.es
dn: uid=0429984,ou=Alum,dc=lab,dc=it,dc=uc3m,dc=es

# 0451792, Alum, lab.it.uc3m.es
dn: uid=0451792,ou=Alum,dc=lab,dc=it,dc=uc3m,dc=es

# 0362604, Alum, lab.it.uc3m.es
dn: uid=0362604,ou=Alum,dc=lab,dc=it,dc=uc3m,dc=es

# 0459680, Alum, lab.it.uc3m.es
dn: uid=0459680,ou=Alum,dc=lab,dc=it,dc=uc3m,dc=es

# 0408893, Alum, lab.it.uc3m.es
dn: uid=0408893,ou=Alum,dc=lab,dc=it,dc=uc3m,dc=es

# 0428974, Alum, lab.it.uc3m.es
dn: uid=0428974,ou=Alum,dc=lab,dc=it,dc=uc3m,dc=es

# 0330508, Alum, lab.it.uc3m.es
dn: uid=0330508,ou=Alum,dc=lab,dc=it,dc=uc3m,dc=es

# 0429055, Alum, lab.it.uc3m.es
dn: uid=0429055,ou=Alum,dc=lab,dc=it,dc=uc3m,dc=es

# 0428963, Alum, lab.it.uc3m.es
dn: uid=0428963,ou=Alum,dc=lab,dc=it,dc=uc3m,dc=es

# 0429087, Alum, lab.it.uc3m.es
dn: uid=0429087,ou=Alum,dc=lab,dc=it,dc=uc3m,dc=es

# 0466226, Alum, lab.it.uc3m.es
dn: uid=0466226,ou=Alum,dc=lab,dc=it,dc=uc3m,dc=es

# 0429082, Alum, lab.it.uc3m.es
dn: uid=0429082,ou=Alum,dc=lab,dc=it,dc=uc3m,dc=es

# 0429083, Alum, lab.it.uc3m.es
dn: uid=0429083,ou=Alum,dc=lab,dc=it,dc=uc3m,dc=es

# 0455364, Alum, lab.it.uc3m.es
dn: uid=0455364,ou=Alum,dc=lab,dc=it,dc=uc3m,dc=es

# 0461566, Alum, lab.it.uc3m.es
dn: uid=0461566,ou=Alum,dc=lab,dc=it,dc=uc3m,dc=es

# 0466229, Alum, lab.it.uc3m.es
dn: uid=0466229,ou=Alum,dc=lab,dc=it,dc=uc3m,dc=es

# 0464158, Alum, lab.it.uc3m.es
dn: uid=0464158,ou=Alum,dc=lab,dc=it,dc=uc3m,dc=es

# 0468004, Alum, lab.it.uc3m.es
dn: uid=0468004,ou=Alum,dc=lab,dc=it,dc=uc3m,dc=es

# 0405942, Alum, lab.it.uc3m.es
dn: uid=0405942,ou=Alum,dc=lab,dc=it,dc=uc3m,dc=es

# 0408821, Alum, lab.it.uc3m.es
dn: uid=0408821,ou=Alum,dc=lab,dc=it,dc=uc3m,dc=es

# 0408747, Alum, lab.it.uc3m.es
dn: uid=0408747,ou=Alum,dc=lab,dc=it,dc=uc3m,dc=es

# 0416112, Alum, lab.it.uc3m.es
dn: uid=0416112,ou=Alum,dc=lab,dc=it,dc=uc3m,dc=es

# 0429145, Alum, lab.it.uc3m.es
dn: uid=0429145,ou=Alum,dc=lab,dc=it,dc=uc3m,dc=es

# 0405841, Alum, lab.it.uc3m.es
dn: uid=0405841,ou=Alum,dc=lab,dc=it,dc=uc3m,dc=es

# 0428972, Alum, lab.it.uc3m.es
dn: uid=0428972,ou=Alum,dc=lab,dc=it,dc=uc3m,dc=es

# 0414985, Alum, lab.it.uc3m.es
dn: uid=0414985,ou=Alum,dc=lab,dc=it,dc=uc3m,dc=es

# 0429043, Alum, lab.it.uc3m.es
dn: uid=0429043,ou=Alum,dc=lab,dc=it,dc=uc3m,dc=es

# 0451397, Alum, lab.it.uc3m.es
dn: uid=0451397,ou=Alum,dc=lab,dc=it,dc=uc3m,dc=es

# 0451618, Alum, lab.it.uc3m.es
dn: uid=0451618,ou=Alum,dc=lab,dc=it,dc=uc3m,dc=es

# 0451529, Alum, lab.it.uc3m.es
dn: uid=0451529,ou=Alum,dc=lab,dc=it,dc=uc3m,dc=es

# 0451481, Alum, lab.it.uc3m.es
dn: uid=0451481,ou=Alum,dc=lab,dc=it,dc=uc3m,dc=es

# 0451465, Alum, lab.it.uc3m.es
dn: uid=0451465,ou=Alum,dc=lab,dc=it,dc=uc3m,dc=es

# 0460887, Alum, lab.it.uc3m.es
dn: uid=0460887,ou=Alum,dc=lab,dc=it,dc=uc3m,dc=es

# 0429214, Alum, lab.it.uc3m.es
dn: uid=0429214,ou=Alum,dc=lab,dc=it,dc=uc3m,dc=es

# 0479036, Alum, lab.it.uc3m.es
dn: uid=0479036,ou=Alum,dc=lab,dc=it,dc=uc3m,dc=es

# 0473691, Alum, lab.it.uc3m.es
dn: uid=0473691,ou=Alum,dc=lab,dc=it,dc=uc3m,dc=es

# 0474046, Alum, lab.it.uc3m.es
dn: uid=0474046,ou=Alum,dc=lab,dc=it,dc=uc3m,dc=es

# 0428827, Alum, lab.it.uc3m.es
dn: uid=0428827,ou=Alum,dc=lab,dc=it,dc=uc3m,dc=es

# 0475960, Alum, lab.it.uc3m.es
dn: uid=0475960,ou=Alum,dc=lab,dc=it,dc=uc3m,dc=es

# 0472867, Alum, lab.it.uc3m.es
dn: uid=0472867,ou=Alum,dc=lab,dc=it,dc=uc3m,dc=es

# 0472825, Alum, lab.it.uc3m.es
dn: uid=0472825,ou=Alum,dc=lab,dc=it,dc=uc3m,dc=es

# 0479814, Alum, lab.it.uc3m.es
dn: uid=0479814,ou=Alum,dc=lab,dc=it,dc=uc3m,dc=es

# 0451095, Alum, lab.it.uc3m.es
dn: uid=0451095,ou=Alum,dc=lab,dc=it,dc=uc3m,dc=es

# 0491856, Alum, lab.it.uc3m.es
dn: uid=0491856,ou=Alum,dc=lab,dc=it,dc=uc3m,dc=es

# 0451218, Alum, lab.it.uc3m.es
dn: uid=0451218,ou=Alum,dc=lab,dc=it,dc=uc3m,dc=es

# 0451139, Alum, lab.it.uc3m.es
dn: uid=0451139,ou=Alum,dc=lab,dc=it,dc=uc3m,dc=es

# 0383016, Alum, lab.it.uc3m.es
dn: uid=0383016,ou=Alum,dc=lab,dc=it,dc=uc3m,dc=es

# 0472700, Alum, lab.it.uc3m.es
dn: uid=0472700,ou=Alum,dc=lab,dc=it,dc=uc3m,dc=es

# 0451267, Alum, lab.it.uc3m.es
dn: uid=0451267,ou=Alum,dc=lab,dc=it,dc=uc3m,dc=es

# 0476082, Alum, lab.it.uc3m.es
dn: uid=0476082,ou=Alum,dc=lab,dc=it,dc=uc3m,dc=es

# 0472904, Alum, lab.it.uc3m.es
dn: uid=0472904,ou=Alum,dc=lab,dc=it,dc=uc3m,dc=es

# 0475920, Alum, lab.it.uc3m.es
dn: uid=0475920,ou=Alum,dc=lab,dc=it,dc=uc3m,dc=es

# 0472747, Alum, lab.it.uc3m.es
dn: uid=0472747,ou=Alum,dc=lab,dc=it,dc=uc3m,dc=es

# 0432549, Alum, lab.it.uc3m.es
dn: uid=0432549,ou=Alum,dc=lab,dc=it,dc=uc3m,dc=es

# 0451847, Alum, lab.it.uc3m.es
dn: uid=0451847,ou=Alum,dc=lab,dc=it,dc=uc3m,dc=es

# 0472824, Alum, lab.it.uc3m.es
dn: uid=0472824,ou=Alum,dc=lab,dc=it,dc=uc3m,dc=es

# 0475685, Alum, lab.it.uc3m.es
dn: uid=0475685,ou=Alum,dc=lab,dc=it,dc=uc3m,dc=es

# 0472789, Alum, lab.it.uc3m.es
dn: uid=0472789,ou=Alum,dc=lab,dc=it,dc=uc3m,dc=es

# 0492982, Alum, lab.it.uc3m.es
dn: uid=0492982,ou=Alum,dc=lab,dc=it,dc=uc3m,dc=es

# 0432055, Alum, lab.it.uc3m.es
dn: uid=0432055,ou=Alum,dc=lab,dc=it,dc=uc3m,dc=es

# 0432762, Alum, lab.it.uc3m.es
dn: uid=0432762,ou=Alum,dc=lab,dc=it,dc=uc3m,dc=es

# 0451204, Alum, lab.it.uc3m.es
dn: uid=0451204,ou=Alum,dc=lab,dc=it,dc=uc3m,dc=es

# 0472759, Alum, lab.it.uc3m.es
dn: uid=0472759,ou=Alum,dc=lab,dc=it,dc=uc3m,dc=es

# 0486170, Alum, lab.it.uc3m.es
dn: uid=0486170,ou=Alum,dc=lab,dc=it,dc=uc3m,dc=es

# 0472688, Alum, lab.it.uc3m.es
dn: uid=0472688,ou=Alum,dc=lab,dc=it,dc=uc3m,dc=es

# 0472680, Alum, lab.it.uc3m.es
dn: uid=0472680,ou=Alum,dc=lab,dc=it,dc=uc3m,dc=es

# 0492606, Alum, lab.it.uc3m.es
dn: uid=0492606,ou=Alum,dc=lab,dc=it,dc=uc3m,dc=es

# 0472757, Alum, lab.it.uc3m.es
dn: uid=0472757,ou=Alum,dc=lab,dc=it,dc=uc3m,dc=es

# 0472636, Alum, lab.it.uc3m.es
dn: uid=0472636,ou=Alum,dc=lab,dc=it,dc=uc3m,dc=es

# 0432039, Alum, lab.it.uc3m.es
dn: uid=0432039,ou=Alum,dc=lab,dc=it,dc=uc3m,dc=es

# 0472751, Alum, lab.it.uc3m.es
dn: uid=0472751,ou=Alum,dc=lab,dc=it,dc=uc3m,dc=es

# 0472777, Alum, lab.it.uc3m.es
dn: uid=0472777,ou=Alum,dc=lab,dc=it,dc=uc3m,dc=es

# 0472875, Alum, lab.it.uc3m.es
dn: uid=0472875,ou=Alum,dc=lab,dc=it,dc=uc3m,dc=es

# 0472750, Alum, lab.it.uc3m.es
dn: uid=0472750,ou=Alum,dc=lab,dc=it,dc=uc3m,dc=es

# 0445193, Alum, lab.it.uc3m.es
dn: uid=0445193,ou=Alum,dc=lab,dc=it,dc=uc3m,dc=es

# 0451041, Alum, lab.it.uc3m.es
dn: uid=0451041,ou=Alum,dc=lab,dc=it,dc=uc3m,dc=es

# 0490700, Alum, lab.it.uc3m.es
dn: uid=0490700,ou=Alum,dc=lab,dc=it,dc=uc3m,dc=es

# 0429748, Alum, lab.it.uc3m.es
dn: uid=0429748,ou=Alum,dc=lab,dc=it,dc=uc3m,dc=es

# 0429002, Alum, lab.it.uc3m.es
dn: uid=0429002,ou=Alum,dc=lab,dc=it,dc=uc3m,dc=es

# 0486728, Alum, lab.it.uc3m.es
dn: uid=0486728,ou=Alum,dc=lab,dc=it,dc=uc3m,dc=es

# 0472816, Alum, lab.it.uc3m.es
dn: uid=0472816,ou=Alum,dc=lab,dc=it,dc=uc3m,dc=es

# 0486605, Alum, lab.it.uc3m.es
dn: uid=0486605,ou=Alum,dc=lab,dc=it,dc=uc3m,dc=es

# 0451332, Alum, lab.it.uc3m.es
dn: uid=0451332,ou=Alum,dc=lab,dc=it,dc=uc3m,dc=es

# 0451247, Alum, lab.it.uc3m.es
dn: uid=0451247,ou=Alum,dc=lab,dc=it,dc=uc3m,dc=es

# 0428967, Alum, lab.it.uc3m.es
dn: uid=0428967,ou=Alum,dc=lab,dc=it,dc=uc3m,dc=es

# 0451081, Alum, lab.it.uc3m.es
dn: uid=0451081,ou=Alum,dc=lab,dc=it,dc=uc3m,dc=es

# 0429889, Alum, lab.it.uc3m.es
dn: uid=0429889,ou=Alum,dc=lab,dc=it,dc=uc3m,dc=es

# 0493782, Alum, lab.it.uc3m.es
dn: uid=0493782,ou=Alum,dc=lab,dc=it,dc=uc3m,dc=es

# 0491752, Alum, lab.it.uc3m.es
dn: uid=0491752,ou=Alum,dc=lab,dc=it,dc=uc3m,dc=es

# 0451309, Alum, lab.it.uc3m.es
dn: uid=0451309,ou=Alum,dc=lab,dc=it,dc=uc3m,dc=es

# 0487858, Alum, lab.it.uc3m.es
dn: uid=0487858,ou=Alum,dc=lab,dc=it,dc=uc3m,dc=es

# 0383359, Alum, lab.it.uc3m.es
dn: uid=0383359,ou=Alum,dc=lab,dc=it,dc=uc3m,dc=es

# 0483517, Alum, lab.it.uc3m.es
dn: uid=0483517,ou=Alum,dc=lab,dc=it,dc=uc3m,dc=es

# 0483335, Alum, lab.it.uc3m.es
dn: uid=0483335,ou=Alum,dc=lab,dc=it,dc=uc3m,dc=es

# 0451260, Alum, lab.it.uc3m.es
dn: uid=0451260,ou=Alum,dc=lab,dc=it,dc=uc3m,dc=es

# 0472821, Alum, lab.it.uc3m.es
dn: uid=0472821,ou=Alum,dc=lab,dc=it,dc=uc3m,dc=es

# 0472838, Alum, lab.it.uc3m.es
dn: uid=0472838,ou=Alum,dc=lab,dc=it,dc=uc3m,dc=es

# 0472785, Alum, lab.it.uc3m.es
dn: uid=0472785,ou=Alum,dc=lab,dc=it,dc=uc3m,dc=es

# 0475318, Alum, lab.it.uc3m.es
dn: uid=0475318,ou=Alum,dc=lab,dc=it,dc=uc3m,dc=es

# 0451329, Alum, lab.it.uc3m.es
dn: uid=0451329,ou=Alum,dc=lab,dc=it,dc=uc3m,dc=es

# 0491037, Alum, lab.it.uc3m.es
dn: uid=0491037,ou=Alum,dc=lab,dc=it,dc=uc3m,dc=es

# 0472802, Alum, lab.it.uc3m.es
dn: uid=0472802,ou=Alum,dc=lab,dc=it,dc=uc3m,dc=es

# 0475249, Alum, lab.it.uc3m.es
dn: uid=0475249,ou=Alum,dc=lab,dc=it,dc=uc3m,dc=es

# 0472272, Alum, lab.it.uc3m.es
dn: uid=0472272,ou=Alum,dc=lab,dc=it,dc=uc3m,dc=es

# 0474845, Alum, lab.it.uc3m.es
dn: uid=0474845,ou=Alum,dc=lab,dc=it,dc=uc3m,dc=es

# 0504916, Alum, lab.it.uc3m.es
dn: uid=0504916,ou=Alum,dc=lab,dc=it,dc=uc3m,dc=es

# 0475383, Alum, lab.it.uc3m.es
dn: uid=0475383,ou=Alum,dc=lab,dc=it,dc=uc3m,dc=es

# 0472438, Alum, lab.it.uc3m.es
dn: uid=0472438,ou=Alum,dc=lab,dc=it,dc=uc3m,dc=es

# 0451530, Alum, lab.it.uc3m.es
dn: uid=0451530,ou=Alum,dc=lab,dc=it,dc=uc3m,dc=es

# 0472706, Alum, lab.it.uc3m.es
dn: uid=0472706,ou=Alum,dc=lab,dc=it,dc=uc3m,dc=es

# 0363986, Alum, lab.it.uc3m.es
dn: uid=0363986,ou=Alum,dc=lab,dc=it,dc=uc3m,dc=es

# 0490677, Alum, lab.it.uc3m.es
dn: uid=0490677,ou=Alum,dc=lab,dc=it,dc=uc3m,dc=es

# 0305028, Alum, lab.it.uc3m.es
dn: uid=0305028,ou=Alum,dc=lab,dc=it,dc=uc3m,dc=es

# 0496578, Alum, lab.it.uc3m.es
dn: uid=0496578,ou=Alum,dc=lab,dc=it,dc=uc3m,dc=es

# 0364005, Alum, lab.it.uc3m.es
dn: uid=0364005,ou=Alum,dc=lab,dc=it,dc=uc3m,dc=es

# 0496612, Alum, lab.it.uc3m.es
dn: uid=0496612,ou=Alum,dc=lab,dc=it,dc=uc3m,dc=es

# 0496637, Alum, lab.it.uc3m.es
dn: uid=0496637,ou=Alum,dc=lab,dc=it,dc=uc3m,dc=es

# 0496657, Alum, lab.it.uc3m.es
dn: uid=0496657,ou=Alum,dc=lab,dc=it,dc=uc3m,dc=es

# 0451376, Alum, lab.it.uc3m.es
dn: uid=0451376,ou=Alum,dc=lab,dc=it,dc=uc3m,dc=es

# 0496319, Alum, lab.it.uc3m.es
dn: uid=0496319,ou=Alum,dc=lab,dc=it,dc=uc3m,dc=es

# 0475134, Alum, lab.it.uc3m.es
dn: uid=0475134,ou=Alum,dc=lab,dc=it,dc=uc3m,dc=es

# 0472878, Alum, lab.it.uc3m.es
dn: uid=0472878,ou=Alum,dc=lab,dc=it,dc=uc3m,dc=es

# 0472572, Alum, lab.it.uc3m.es
dn: uid=0472572,ou=Alum,dc=lab,dc=it,dc=uc3m,dc=es

# 0472861, Alum, lab.it.uc3m.es
dn: uid=0472861,ou=Alum,dc=lab,dc=it,dc=uc3m,dc=es

# 0472690, Alum, lab.it.uc3m.es
dn: uid=0472690,ou=Alum,dc=lab,dc=it,dc=uc3m,dc=es

# 0472756, Alum, lab.it.uc3m.es
dn: uid=0472756,ou=Alum,dc=lab,dc=it,dc=uc3m,dc=es

# 0496823, Alum, lab.it.uc3m.es
dn: uid=0496823,ou=Alum,dc=lab,dc=it,dc=uc3m,dc=es

# 0496090, Alum, lab.it.uc3m.es
dn: uid=0496090,ou=Alum,dc=lab,dc=it,dc=uc3m,dc=es

# 0496231, Alum, lab.it.uc3m.es
dn: uid=0496231,ou=Alum,dc=lab,dc=it,dc=uc3m,dc=es

# 0513865, Alum, lab.it.uc3m.es
dn: uid=0513865,ou=Alum,dc=lab,dc=it,dc=uc3m,dc=es

# 0496288, Alum, lab.it.uc3m.es
dn: uid=0496288,ou=Alum,dc=lab,dc=it,dc=uc3m,dc=es

# 0496143, Alum, lab.it.uc3m.es
dn: uid=0496143,ou=Alum,dc=lab,dc=it,dc=uc3m,dc=es

# 0499540, Alum, lab.it.uc3m.es
dn: uid=0499540,ou=Alum,dc=lab,dc=it,dc=uc3m,dc=es

# 0496209, Alum, lab.it.uc3m.es
dn: uid=0496209,ou=Alum,dc=lab,dc=it,dc=uc3m,dc=es

# 0472837, Alum, lab.it.uc3m.es
dn: uid=0472837,ou=Alum,dc=lab,dc=it,dc=uc3m,dc=es

# 0496002, Alum, lab.it.uc3m.es
dn: uid=0496002,ou=Alum,dc=lab,dc=it,dc=uc3m,dc=es

# 0496004, Alum, lab.it.uc3m.es
dn: uid=0496004,ou=Alum,dc=lab,dc=it,dc=uc3m,dc=es

# 0509117, Alum, lab.it.uc3m.es
dn: uid=0509117,ou=Alum,dc=lab,dc=it,dc=uc3m,dc=es

# 0472206, Alum, lab.it.uc3m.es
dn: uid=0472206,ou=Alum,dc=lab,dc=it,dc=uc3m,dc=es

# 0472078, Alum, lab.it.uc3m.es
dn: uid=0472078,ou=Alum,dc=lab,dc=it,dc=uc3m,dc=es

# 0454255, Alum, lab.it.uc3m.es
dn: uid=0454255,ou=Alum,dc=lab,dc=it,dc=uc3m,dc=es

# 0496251, Alum, lab.it.uc3m.es
dn: uid=0496251,ou=Alum,dc=lab,dc=it,dc=uc3m,dc=es

# 0472115, Alum, lab.it.uc3m.es
dn: uid=0472115,ou=Alum,dc=lab,dc=it,dc=uc3m,dc=es

# 0496320, Alum, lab.it.uc3m.es
dn: uid=0496320,ou=Alum,dc=lab,dc=it,dc=uc3m,dc=es

# 0496148, Alum, lab.it.uc3m.es
dn: uid=0496148,ou=Alum,dc=lab,dc=it,dc=uc3m,dc=es

# 0472246, Alum, lab.it.uc3m.es
dn: uid=0472246,ou=Alum,dc=lab,dc=it,dc=uc3m,dc=es

# 0521180, Alum, lab.it.uc3m.es
dn: uid=0521180,ou=Alum,dc=lab,dc=it,dc=uc3m,dc=es

# 0496242, Alum, lab.it.uc3m.es
dn: uid=0496242,ou=Alum,dc=lab,dc=it,dc=uc3m,dc=es

# 0512284, Alum, lab.it.uc3m.es
dn: uid=0512284,ou=Alum,dc=lab,dc=it,dc=uc3m,dc=es

# 0511586, Alum, lab.it.uc3m.es
dn: uid=0511586,ou=Alum,dc=lab,dc=it,dc=uc3m,dc=es

# 0520872, Alum, lab.it.uc3m.es
dn: uid=0520872,ou=Alum,dc=lab,dc=it,dc=uc3m,dc=es

# 0429612, Alum, lab.it.uc3m.es
dn: uid=0429612,ou=Alum,dc=lab,dc=it,dc=uc3m,dc=es

# 0455585, Alum, lab.it.uc3m.es
dn: uid=0455585,ou=Alum,dc=lab,dc=it,dc=uc3m,dc=es

# 0512889, Alum, lab.it.uc3m.es
dn: uid=0512889,ou=Alum,dc=lab,dc=it,dc=uc3m,dc=es

# 0511411, Alum, lab.it.uc3m.es
dn: uid=0511411,ou=Alum,dc=lab,dc=it,dc=uc3m,dc=es

# 0508957, Alum, lab.it.uc3m.es
dn: uid=0508957,ou=Alum,dc=lab,dc=it,dc=uc3m,dc=es

# 0504162, Alum, lab.it.uc3m.es
dn: uid=0504162,ou=Alum,dc=lab,dc=it,dc=uc3m,dc=es

# 0472737, Alum, lab.it.uc3m.es
dn: uid=0472737,ou=Alum,dc=lab,dc=it,dc=uc3m,dc=es

# 0383961, Alum, lab.it.uc3m.es
dn: uid=0383961,ou=Alum,dc=lab,dc=it,dc=uc3m,dc=es

# 0472188, Alum, lab.it.uc3m.es
dn: uid=0472188,ou=Alum,dc=lab,dc=it,dc=uc3m,dc=es

# 0472372, Alum, lab.it.uc3m.es
dn: uid=0472372,ou=Alum,dc=lab,dc=it,dc=uc3m,dc=es

# 0454455, Alum, lab.it.uc3m.es
dn: uid=0454455,ou=Alum,dc=lab,dc=it,dc=uc3m,dc=es

# 0485090, Alum, lab.it.uc3m.es
dn: uid=0485090,ou=Alum,dc=lab,dc=it,dc=uc3m,dc=es

# 0472271, Alum, lab.it.uc3m.es
dn: uid=0472271,ou=Alum,dc=lab,dc=it,dc=uc3m,dc=es

# 0472344, Alum, lab.it.uc3m.es
dn: uid=0472344,ou=Alum,dc=lab,dc=it,dc=uc3m,dc=es

# 0441823, Alum, lab.it.uc3m.es
dn: uid=0441823,ou=Alum,dc=lab,dc=it,dc=uc3m,dc=es

# 0451102, Alum, lab.it.uc3m.es
dn: uid=0451102,ou=Alum,dc=lab,dc=it,dc=uc3m,dc=es

# 0519068, Alum, lab.it.uc3m.es
dn: uid=0519068,ou=Alum,dc=lab,dc=it,dc=uc3m,dc=es

# 0472261, Alum, lab.it.uc3m.es
dn: uid=0472261,ou=Alum,dc=lab,dc=it,dc=uc3m,dc=es

# 0405604, Alum, lab.it.uc3m.es
dn: uid=0405604,ou=Alum,dc=lab,dc=it,dc=uc3m,dc=es

# 0472766, Alum, lab.it.uc3m.es
dn: uid=0472766,ou=Alum,dc=lab,dc=it,dc=uc3m,dc=es

# 0472012, Alum, lab.it.uc3m.es
dn: uid=0472012,ou=Alum,dc=lab,dc=it,dc=uc3m,dc=es

# 0451825, Alum, lab.it.uc3m.es
dn: uid=0451825,ou=Alum,dc=lab,dc=it,dc=uc3m,dc=es

# 0511222, Alum, lab.it.uc3m.es
dn: uid=0511222,ou=Alum,dc=lab,dc=it,dc=uc3m,dc=es

# 0496476, Alum, lab.it.uc3m.es
dn: uid=0496476,ou=Alum,dc=lab,dc=it,dc=uc3m,dc=es

# 0521523, Alum, lab.it.uc3m.es
dn: uid=0521523,ou=Alum,dc=lab,dc=it,dc=uc3m,dc=es

# 0498987, Alum, lab.it.uc3m.es
dn: uid=0498987,ou=Alum,dc=lab,dc=it,dc=uc3m,dc=es

# 0509405, Alum, lab.it.uc3m.es
dn: uid=0509405,ou=Alum,dc=lab,dc=it,dc=uc3m,dc=es

# 0523044, Alum, lab.it.uc3m.es
dn: uid=0523044,ou=Alum,dc=lab,dc=it,dc=uc3m,dc=es

# 0498985, Alum, lab.it.uc3m.es
dn: uid=0498985,ou=Alum,dc=lab,dc=it,dc=uc3m,dc=es

# 0522949, Alum, lab.it.uc3m.es
dn: uid=0522949,ou=Alum,dc=lab,dc=it,dc=uc3m,dc=es

# 0429965, Alum, lab.it.uc3m.es
dn: uid=0429965,ou=Alum,dc=lab,dc=it,dc=uc3m,dc=es

# 0499117, Alum, lab.it.uc3m.es
dn: uid=0499117,ou=Alum,dc=lab,dc=it,dc=uc3m,dc=es

# 0499631, Alum, lab.it.uc3m.es
dn: uid=0499631,ou=Alum,dc=lab,dc=it,dc=uc3m,dc=es

# 0509629, Alum, lab.it.uc3m.es
dn: uid=0509629,ou=Alum,dc=lab,dc=it,dc=uc3m,dc=es

# 0397260, Alum, lab.it.uc3m.es
dn: uid=0397260,ou=Alum,dc=lab,dc=it,dc=uc3m,dc=es

# 0498968, Alum, lab.it.uc3m.es
dn: uid=0498968,ou=Alum,dc=lab,dc=it,dc=uc3m,dc=es

# 0505609, Alum, lab.it.uc3m.es
dn: uid=0505609,ou=Alum,dc=lab,dc=it,dc=uc3m,dc=es

# 0440775, Alum, lab.it.uc3m.es
dn: uid=0440775,ou=Alum,dc=lab,dc=it,dc=uc3m,dc=es

# 0503980, Alum, lab.it.uc3m.es
dn: uid=0503980,ou=Alum,dc=lab,dc=it,dc=uc3m,dc=es

# 0496365, Alum, lab.it.uc3m.es
dn: uid=0496365,ou=Alum,dc=lab,dc=it,dc=uc3m,dc=es

# 0531788, Alum, lab.it.uc3m.es
dn: uid=0531788,ou=Alum,dc=lab,dc=it,dc=uc3m,dc=es

# 0523027, Alum, lab.it.uc3m.es
dn: uid=0523027,ou=Alum,dc=lab,dc=it,dc=uc3m,dc=es

# 0523013, Alum, lab.it.uc3m.es
dn: uid=0523013,ou=Alum,dc=lab,dc=it,dc=uc3m,dc=es

# 0522800, Alum, lab.it.uc3m.es
dn: uid=0522800,ou=Alum,dc=lab,dc=it,dc=uc3m,dc=es

# 0524742, Alum, lab.it.uc3m.es
dn: uid=0524742,ou=Alum,dc=lab,dc=it,dc=uc3m,dc=es

# 0523017, Alum, lab.it.uc3m.es
dn: uid=0523017,ou=Alum,dc=lab,dc=it,dc=uc3m,dc=es

# 0522736, Alum, lab.it.uc3m.es
dn: uid=0522736,ou=Alum,dc=lab,dc=it,dc=uc3m,dc=es

# 0522787, Alum, lab.it.uc3m.es
dn: uid=0522787,ou=Alum,dc=lab,dc=it,dc=uc3m,dc=es

# 0522838, Alum, lab.it.uc3m.es
dn: uid=0522838,ou=Alum,dc=lab,dc=it,dc=uc3m,dc=es

# 0522434, Alum, lab.it.uc3m.es
dn: uid=0522434,ou=Alum,dc=lab,dc=it,dc=uc3m,dc=es

# 0523075, Alum, lab.it.uc3m.es
dn: uid=0523075,ou=Alum,dc=lab,dc=it,dc=uc3m,dc=es

# 0523035, Alum, lab.it.uc3m.es
dn: uid=0523035,ou=Alum,dc=lab,dc=it,dc=uc3m,dc=es

# 0523106, Alum, lab.it.uc3m.es
dn: uid=0523106,ou=Alum,dc=lab,dc=it,dc=uc3m,dc=es

# 0522982, Alum, lab.it.uc3m.es
dn: uid=0522982,ou=Alum,dc=lab,dc=it,dc=uc3m,dc=es

# 0523025, Alum, lab.it.uc3m.es
dn: uid=0523025,ou=Alum,dc=lab,dc=it,dc=uc3m,dc=es

# 0522697, Alum, lab.it.uc3m.es
dn: uid=0522697,ou=Alum,dc=lab,dc=it,dc=uc3m,dc=es

# 0523047, Alum, lab.it.uc3m.es
dn: uid=0523047,ou=Alum,dc=lab,dc=it,dc=uc3m,dc=es

# 0523051, Alum, lab.it.uc3m.es
dn: uid=0523051,ou=Alum,dc=lab,dc=it,dc=uc3m,dc=es

# 0522559, Alum, lab.it.uc3m.es
dn: uid=0522559,ou=Alum,dc=lab,dc=it,dc=uc3m,dc=es

# 0499654, Alum, lab.it.uc3m.es
dn: uid=0499654,ou=Alum,dc=lab,dc=it,dc=uc3m,dc=es

# 0522979, Alum, lab.it.uc3m.es
dn: uid=0522979,ou=Alum,dc=lab,dc=it,dc=uc3m,dc=es

# 0526055, Alum, lab.it.uc3m.es
dn: uid=0526055,ou=Alum,dc=lab,dc=it,dc=uc3m,dc=es

# 0496459, Alum, lab.it.uc3m.es
dn: uid=0496459,ou=Alum,dc=lab,dc=it,dc=uc3m,dc=es

# 0496649, Alum, lab.it.uc3m.es
dn: uid=0496649,ou=Alum,dc=lab,dc=it,dc=uc3m,dc=es

# 0537632, Alum, lab.it.uc3m.es
dn: uid=0537632,ou=Alum,dc=lab,dc=it,dc=uc3m,dc=es

# 0538398, Alum, lab.it.uc3m.es
dn: uid=0538398,ou=Alum,dc=lab,dc=it,dc=uc3m,dc=es

# 0539289, Alum, lab.it.uc3m.es
dn: uid=0539289,ou=Alum,dc=lab,dc=it,dc=uc3m,dc=es

# 0538243, Alum, lab.it.uc3m.es
dn: uid=0538243,ou=Alum,dc=lab,dc=it,dc=uc3m,dc=es

# 0522625, Alum, lab.it.uc3m.es
dn: uid=0522625,ou=Alum,dc=lab,dc=it,dc=uc3m,dc=es

# 0522471, Alum, lab.it.uc3m.es
dn: uid=0522471,ou=Alum,dc=lab,dc=it,dc=uc3m,dc=es

# 0496845, Alum, lab.it.uc3m.es
dn: uid=0496845,ou=Alum,dc=lab,dc=it,dc=uc3m,dc=es

# 0522414, Alum, lab.it.uc3m.es
dn: uid=0522414,ou=Alum,dc=lab,dc=it,dc=uc3m,dc=es

# 0523055, Alum, lab.it.uc3m.es
dn: uid=0523055,ou=Alum,dc=lab,dc=it,dc=uc3m,dc=es

# 0523086, Alum, lab.it.uc3m.es
dn: uid=0523086,ou=Alum,dc=lab,dc=it,dc=uc3m,dc=es

# 0522983, Alum, lab.it.uc3m.es
dn: uid=0522983,ou=Alum,dc=lab,dc=it,dc=uc3m,dc=es

# 0532384, Alum, lab.it.uc3m.es
dn: uid=0532384,ou=Alum,dc=lab,dc=it,dc=uc3m,dc=es

# 0495861, Alum, lab.it.uc3m.es
dn: uid=0495861,ou=Alum,dc=lab,dc=it,dc=uc3m,dc=es

# 0383243, Alum, lab.it.uc3m.es
dn: uid=0383243,ou=Alum,dc=lab,dc=it,dc=uc3m,dc=es

# 0496072, Alum, lab.it.uc3m.es
dn: uid=0496072,ou=Alum,dc=lab,dc=it,dc=uc3m,dc=es

# 0474933, Alum, lab.it.uc3m.es
dn: uid=0474933,ou=Alum,dc=lab,dc=it,dc=uc3m,dc=es

# 0525010, Alum, lab.it.uc3m.es
dn: uid=0525010,ou=Alum,dc=lab,dc=it,dc=uc3m,dc=es

# 0522782, Alum, lab.it.uc3m.es
dn: uid=0522782,ou=Alum,dc=lab,dc=it,dc=uc3m,dc=es

# 0522843, Alum, lab.it.uc3m.es
dn: uid=0522843,ou=Alum,dc=lab,dc=it,dc=uc3m,dc=es

# 0545422, Alum, lab.it.uc3m.es
dn: uid=0545422,ou=Alum,dc=lab,dc=it,dc=uc3m,dc=es

# 0522531, Alum, lab.it.uc3m.es
dn: uid=0522531,ou=Alum,dc=lab,dc=it,dc=uc3m,dc=es

# 0525308, Alum, lab.it.uc3m.es
dn: uid=0525308,ou=Alum,dc=lab,dc=it,dc=uc3m,dc=es

# 0522922, Alum, lab.it.uc3m.es
dn: uid=0522922,ou=Alum,dc=lab,dc=it,dc=uc3m,dc=es

# 0452085, Alum, lab.it.uc3m.es
dn: uid=0452085,ou=Alum,dc=lab,dc=it,dc=uc3m,dc=es

# 0533505, Alum, lab.it.uc3m.es
dn: uid=0533505,ou=Alum,dc=lab,dc=it,dc=uc3m,dc=es

# 0522716, Alum, lab.it.uc3m.es
dn: uid=0522716,ou=Alum,dc=lab,dc=it,dc=uc3m,dc=es

# 0524462, Alum, lab.it.uc3m.es
dn: uid=0524462,ou=Alum,dc=lab,dc=it,dc=uc3m,dc=es

# 0523124, Alum, lab.it.uc3m.es
dn: uid=0523124,ou=Alum,dc=lab,dc=it,dc=uc3m,dc=es

# 0534483, Alum, lab.it.uc3m.es
dn: uid=0534483,ou=Alum,dc=lab,dc=it,dc=uc3m,dc=es

# 0428771, Alum, lab.it.uc3m.es
dn: uid=0428771,ou=Alum,dc=lab,dc=it,dc=uc3m,dc=es

# 0533421, Alum, lab.it.uc3m.es
dn: uid=0533421,ou=Alum,dc=lab,dc=it,dc=uc3m,dc=es

# 0522971, Alum, lab.it.uc3m.es
dn: uid=0522971,ou=Alum,dc=lab,dc=it,dc=uc3m,dc=es

# 0519245, Alum, lab.it.uc3m.es
dn: uid=0519245,ou=Alum,dc=lab,dc=it,dc=uc3m,dc=es

# 0428734, Alum, lab.it.uc3m.es
dn: uid=0428734,ou=Alum,dc=lab,dc=it,dc=uc3m,dc=es

# search result
search: 2
result: 0 Success

# numResponses: 411
# numEntries: 410
