[2025-03-20, 11:42:10] ldapsearch -x -H ldaps://ldap.lab.it.uc3m.es -b "ou=Alum,dc=lab,dc=it,dc=uc3m,dc=es" "(gecos=GRADO EN INGENIERIA EN TECNOLOGIAS DE TELECOMUNICACION )" none
# extended LDIF
#
# LDAPv3
# base <ou=Alum,dc=lab,dc=it,dc=uc3m,dc=es> with scope subtree
# filter: (gecos=GRADO EN INGENIERIA EN TECNOLOGIAS DE TELECOMUNICACION )
# requesting: none 
#

# 0284943, Alum, lab.it.uc3m.es
dn: uid=0284943,ou=Alum,dc=lab,dc=it,dc=uc3m,dc=es

# 0284694, Alum, lab.it.uc3m.es
dn: uid=0284694,ou=Alum,dc=lab,dc=it,dc=uc3m,dc=es

# 0291481, Alum, lab.it.uc3m.es
dn: uid=0291481,ou=Alum,dc=lab,dc=it,dc=uc3m,dc=es

# 0290933, Alum, lab.it.uc3m.es
dn: uid=0290933,ou=Alum,dc=lab,dc=it,dc=uc3m,dc=es

# 0315428, Alum, lab.it.uc3m.es
dn: uid=0315428,ou=Alum,dc=lab,dc=it,dc=uc3m,dc=es

# 0316829, Alum, lab.it.uc3m.es
dn: uid=0316829,ou=Alum,dc=lab,dc=it,dc=uc3m,dc=es

# 0330514, Alum, lab.it.uc3m.es
dn: uid=0330514,ou=Alum,dc=lab,dc=it,dc=uc3m,dc=es

# 0315313, Alum, lab.it.uc3m.es
dn: uid=0315313,ou=Alum,dc=lab,dc=it,dc=uc3m,dc=es

# 0333503, Alum, lab.it.uc3m.es
dn: uid=0333503,ou=Alum,dc=lab,dc=it,dc=uc3m,dc=es

# 0330775, Alum, lab.it.uc3m.es
dn: uid=0330775,ou=Alum,dc=lab,dc=it,dc=uc3m,dc=es

# 0330371, Alum, lab.it.uc3m.es
dn: uid=0330371,ou=Alum,dc=lab,dc=it,dc=uc3m,dc=es

# 0330047, Alum, lab.it.uc3m.es
dn: uid=0330047,ou=Alum,dc=lab,dc=it,dc=uc3m,dc=es

# 0346919, Alum, lab.it.uc3m.es
dn: uid=0346919,ou=Alum,dc=lab,dc=it,dc=uc3m,dc=es

# 0346885, Alum, lab.it.uc3m.es
dn: uid=0346885,ou=Alum,dc=lab,dc=it,dc=uc3m,dc=es

# 0346855, Alum, lab.it.uc3m.es
dn: uid=0346855,ou=Alum,dc=lab,dc=it,dc=uc3m,dc=es

# 0346787, Alum, lab.it.uc3m.es
dn: uid=0346787,ou=Alum,dc=lab,dc=it,dc=uc3m,dc=es

# 0346842, Alum, lab.it.uc3m.es
dn: uid=0346842,ou=Alum,dc=lab,dc=it,dc=uc3m,dc=es

# 0346894, Alum, lab.it.uc3m.es
dn: uid=0346894,ou=Alum,dc=lab,dc=it,dc=uc3m,dc=es

# 0346870, Alum, lab.it.uc3m.es
dn: uid=0346870,ou=Alum,dc=lab,dc=it,dc=uc3m,dc=es

# 0330054, Alum, lab.it.uc3m.es
dn: uid=0330054,ou=Alum,dc=lab,dc=it,dc=uc3m,dc=es

# 0349894, Alum, lab.it.uc3m.es
dn: uid=0349894,ou=Alum,dc=lab,dc=it,dc=uc3m,dc=es

# 0346776, Alum, lab.it.uc3m.es
dn: uid=0346776,ou=Alum,dc=lab,dc=it,dc=uc3m,dc=es

# 0346880, Alum, lab.it.uc3m.es
dn: uid=0346880,ou=Alum,dc=lab,dc=it,dc=uc3m,dc=es

# 0346872, Alum, lab.it.uc3m.es
dn: uid=0346872,ou=Alum,dc=lab,dc=it,dc=uc3m,dc=es

# 0364490, Alum, lab.it.uc3m.es
dn: uid=0364490,ou=Alum,dc=lab,dc=it,dc=uc3m,dc=es

# 0364463, Alum, lab.it.uc3m.es
dn: uid=0364463,ou=Alum,dc=lab,dc=it,dc=uc3m,dc=es

# 0364535, Alum, lab.it.uc3m.es
dn: uid=0364535,ou=Alum,dc=lab,dc=it,dc=uc3m,dc=es

# 0364588, Alum, lab.it.uc3m.es
dn: uid=0364588,ou=Alum,dc=lab,dc=it,dc=uc3m,dc=es

# 0364540, Alum, lab.it.uc3m.es
dn: uid=0364540,ou=Alum,dc=lab,dc=it,dc=uc3m,dc=es

# 0364527, Alum, lab.it.uc3m.es
dn: uid=0364527,ou=Alum,dc=lab,dc=it,dc=uc3m,dc=es

# 0364516, Alum, lab.it.uc3m.es
dn: uid=0364516,ou=Alum,dc=lab,dc=it,dc=uc3m,dc=es

# 0364564, Alum, lab.it.uc3m.es
dn: uid=0364564,ou=Alum,dc=lab,dc=it,dc=uc3m,dc=es

# 0364470, Alum, lab.it.uc3m.es
dn: uid=0364470,ou=Alum,dc=lab,dc=it,dc=uc3m,dc=es

# 0364518, Alum, lab.it.uc3m.es
dn: uid=0364518,ou=Alum,dc=lab,dc=it,dc=uc3m,dc=es

# 0364545, Alum, lab.it.uc3m.es
dn: uid=0364545,ou=Alum,dc=lab,dc=it,dc=uc3m,dc=es

# 0364487, Alum, lab.it.uc3m.es
dn: uid=0364487,ou=Alum,dc=lab,dc=it,dc=uc3m,dc=es

# 0364569, Alum, lab.it.uc3m.es
dn: uid=0364569,ou=Alum,dc=lab,dc=it,dc=uc3m,dc=es

# 0364521, Alum, lab.it.uc3m.es
dn: uid=0364521,ou=Alum,dc=lab,dc=it,dc=uc3m,dc=es

# 0364508, Alum, lab.it.uc3m.es
dn: uid=0364508,ou=Alum,dc=lab,dc=it,dc=uc3m,dc=es

# 0346912, Alum, lab.it.uc3m.es
dn: uid=0346912,ou=Alum,dc=lab,dc=it,dc=uc3m,dc=es

# 0364482, Alum, lab.it.uc3m.es
dn: uid=0364482,ou=Alum,dc=lab,dc=it,dc=uc3m,dc=es

# 0364467, Alum, lab.it.uc3m.es
dn: uid=0364467,ou=Alum,dc=lab,dc=it,dc=uc3m,dc=es

# 0364533, Alum, lab.it.uc3m.es
dn: uid=0364533,ou=Alum,dc=lab,dc=it,dc=uc3m,dc=es

# 0364489, Alum, lab.it.uc3m.es
dn: uid=0364489,ou=Alum,dc=lab,dc=it,dc=uc3m,dc=es

# 0364469, Alum, lab.it.uc3m.es
dn: uid=0364469,ou=Alum,dc=lab,dc=it,dc=uc3m,dc=es

# 0384107, Alum, lab.it.uc3m.es
dn: uid=0384107,ou=Alum,dc=lab,dc=it,dc=uc3m,dc=es

# 0364512, Alum, lab.it.uc3m.es
dn: uid=0364512,ou=Alum,dc=lab,dc=it,dc=uc3m,dc=es

# 0364511, Alum, lab.it.uc3m.es
dn: uid=0364511,ou=Alum,dc=lab,dc=it,dc=uc3m,dc=es

# 0364562, Alum, lab.it.uc3m.es
dn: uid=0364562,ou=Alum,dc=lab,dc=it,dc=uc3m,dc=es

# 0364578, Alum, lab.it.uc3m.es
dn: uid=0364578,ou=Alum,dc=lab,dc=it,dc=uc3m,dc=es

# 0364484, Alum, lab.it.uc3m.es
dn: uid=0364484,ou=Alum,dc=lab,dc=it,dc=uc3m,dc=es

# 0364563, Alum, lab.it.uc3m.es
dn: uid=0364563,ou=Alum,dc=lab,dc=it,dc=uc3m,dc=es

# 0364556, Alum, lab.it.uc3m.es
dn: uid=0364556,ou=Alum,dc=lab,dc=it,dc=uc3m,dc=es

# 0364513, Alum, lab.it.uc3m.es
dn: uid=0364513,ou=Alum,dc=lab,dc=it,dc=uc3m,dc=es

# 0364529, Alum, lab.it.uc3m.es
dn: uid=0364529,ou=Alum,dc=lab,dc=it,dc=uc3m,dc=es

# 0364567, Alum, lab.it.uc3m.es
dn: uid=0364567,ou=Alum,dc=lab,dc=it,dc=uc3m,dc=es

# 0364541, Alum, lab.it.uc3m.es
dn: uid=0364541,ou=Alum,dc=lab,dc=it,dc=uc3m,dc=es

# 0364495, Alum, lab.it.uc3m.es
dn: uid=0364495,ou=Alum,dc=lab,dc=it,dc=uc3m,dc=es

# 0364550, Alum, lab.it.uc3m.es
dn: uid=0364550,ou=Alum,dc=lab,dc=it,dc=uc3m,dc=es

# 0364503, Alum, lab.it.uc3m.es
dn: uid=0364503,ou=Alum,dc=lab,dc=it,dc=uc3m,dc=es

# 0364494, Alum, lab.it.uc3m.es
dn: uid=0364494,ou=Alum,dc=lab,dc=it,dc=uc3m,dc=es

# 0384078, Alum, lab.it.uc3m.es
dn: uid=0384078,ou=Alum,dc=lab,dc=it,dc=uc3m,dc=es

# 0384053, Alum, lab.it.uc3m.es
dn: uid=0384053,ou=Alum,dc=lab,dc=it,dc=uc3m,dc=es

# 0383990, Alum, lab.it.uc3m.es
dn: uid=0383990,ou=Alum,dc=lab,dc=it,dc=uc3m,dc=es

# 0384052, Alum, lab.it.uc3m.es
dn: uid=0384052,ou=Alum,dc=lab,dc=it,dc=uc3m,dc=es

# 0384018, Alum, lab.it.uc3m.es
dn: uid=0384018,ou=Alum,dc=lab,dc=it,dc=uc3m,dc=es

# 0384087, Alum, lab.it.uc3m.es
dn: uid=0384087,ou=Alum,dc=lab,dc=it,dc=uc3m,dc=es

# 0384020, Alum, lab.it.uc3m.es
dn: uid=0384020,ou=Alum,dc=lab,dc=it,dc=uc3m,dc=es

# 0384023, Alum, lab.it.uc3m.es
dn: uid=0384023,ou=Alum,dc=lab,dc=it,dc=uc3m,dc=es

# 0384116, Alum, lab.it.uc3m.es
dn: uid=0384116,ou=Alum,dc=lab,dc=it,dc=uc3m,dc=es

# 0384026, Alum, lab.it.uc3m.es
dn: uid=0384026,ou=Alum,dc=lab,dc=it,dc=uc3m,dc=es

# 0384060, Alum, lab.it.uc3m.es
dn: uid=0384060,ou=Alum,dc=lab,dc=it,dc=uc3m,dc=es

# 0384120, Alum, lab.it.uc3m.es
dn: uid=0384120,ou=Alum,dc=lab,dc=it,dc=uc3m,dc=es

# 0362408, Alum, lab.it.uc3m.es
dn: uid=0362408,ou=Alum,dc=lab,dc=it,dc=uc3m,dc=es

# 0384037, Alum, lab.it.uc3m.es
dn: uid=0384037,ou=Alum,dc=lab,dc=it,dc=uc3m,dc=es

# 0384038, Alum, lab.it.uc3m.es
dn: uid=0384038,ou=Alum,dc=lab,dc=it,dc=uc3m,dc=es

# 0384091, Alum, lab.it.uc3m.es
dn: uid=0384091,ou=Alum,dc=lab,dc=it,dc=uc3m,dc=es

# 0384012, Alum, lab.it.uc3m.es
dn: uid=0384012,ou=Alum,dc=lab,dc=it,dc=uc3m,dc=es

# 0388279, Alum, lab.it.uc3m.es
dn: uid=0388279,ou=Alum,dc=lab,dc=it,dc=uc3m,dc=es

# 0384016, Alum, lab.it.uc3m.es
dn: uid=0384016,ou=Alum,dc=lab,dc=it,dc=uc3m,dc=es

# 0384113, Alum, lab.it.uc3m.es
dn: uid=0384113,ou=Alum,dc=lab,dc=it,dc=uc3m,dc=es

# 0384093, Alum, lab.it.uc3m.es
dn: uid=0384093,ou=Alum,dc=lab,dc=it,dc=uc3m,dc=es

# 0384062, Alum, lab.it.uc3m.es
dn: uid=0384062,ou=Alum,dc=lab,dc=it,dc=uc3m,dc=es

# 0384033, Alum, lab.it.uc3m.es
dn: uid=0384033,ou=Alum,dc=lab,dc=it,dc=uc3m,dc=es

# 0384031, Alum, lab.it.uc3m.es
dn: uid=0384031,ou=Alum,dc=lab,dc=it,dc=uc3m,dc=es

# 0384027, Alum, lab.it.uc3m.es
dn: uid=0384027,ou=Alum,dc=lab,dc=it,dc=uc3m,dc=es

# 0384048, Alum, lab.it.uc3m.es
dn: uid=0384048,ou=Alum,dc=lab,dc=it,dc=uc3m,dc=es

# 0384080, Alum, lab.it.uc3m.es
dn: uid=0384080,ou=Alum,dc=lab,dc=it,dc=uc3m,dc=es

# 0384064, Alum, lab.it.uc3m.es
dn: uid=0384064,ou=Alum,dc=lab,dc=it,dc=uc3m,dc=es

# 0384065, Alum, lab.it.uc3m.es
dn: uid=0384065,ou=Alum,dc=lab,dc=it,dc=uc3m,dc=es

# 0384106, Alum, lab.it.uc3m.es
dn: uid=0384106,ou=Alum,dc=lab,dc=it,dc=uc3m,dc=es

# 0384075, Alum, lab.it.uc3m.es
dn: uid=0384075,ou=Alum,dc=lab,dc=it,dc=uc3m,dc=es

# 0367486, Alum, lab.it.uc3m.es
dn: uid=0367486,ou=Alum,dc=lab,dc=it,dc=uc3m,dc=es

# 0384056, Alum, lab.it.uc3m.es
dn: uid=0384056,ou=Alum,dc=lab,dc=it,dc=uc3m,dc=es

# 0384114, Alum, lab.it.uc3m.es
dn: uid=0384114,ou=Alum,dc=lab,dc=it,dc=uc3m,dc=es

# 0384123, Alum, lab.it.uc3m.es
dn: uid=0384123,ou=Alum,dc=lab,dc=it,dc=uc3m,dc=es

# 0384095, Alum, lab.it.uc3m.es
dn: uid=0384095,ou=Alum,dc=lab,dc=it,dc=uc3m,dc=es

# 0384126, Alum, lab.it.uc3m.es
dn: uid=0384126,ou=Alum,dc=lab,dc=it,dc=uc3m,dc=es

# 0384022, Alum, lab.it.uc3m.es
dn: uid=0384022,ou=Alum,dc=lab,dc=it,dc=uc3m,dc=es

# 0384118, Alum, lab.it.uc3m.es
dn: uid=0384118,ou=Alum,dc=lab,dc=it,dc=uc3m,dc=es

# 0383997, Alum, lab.it.uc3m.es
dn: uid=0383997,ou=Alum,dc=lab,dc=it,dc=uc3m,dc=es

# 0384119, Alum, lab.it.uc3m.es
dn: uid=0384119,ou=Alum,dc=lab,dc=it,dc=uc3m,dc=es

# 0384019, Alum, lab.it.uc3m.es
dn: uid=0384019,ou=Alum,dc=lab,dc=it,dc=uc3m,dc=es

# 0384046, Alum, lab.it.uc3m.es
dn: uid=0384046,ou=Alum,dc=lab,dc=it,dc=uc3m,dc=es

# 0383993, Alum, lab.it.uc3m.es
dn: uid=0383993,ou=Alum,dc=lab,dc=it,dc=uc3m,dc=es

# 0384041, Alum, lab.it.uc3m.es
dn: uid=0384041,ou=Alum,dc=lab,dc=it,dc=uc3m,dc=es

# 0384103, Alum, lab.it.uc3m.es
dn: uid=0384103,ou=Alum,dc=lab,dc=it,dc=uc3m,dc=es

# 0384128, Alum, lab.it.uc3m.es
dn: uid=0384128,ou=Alum,dc=lab,dc=it,dc=uc3m,dc=es

# 0384130, Alum, lab.it.uc3m.es
dn: uid=0384130,ou=Alum,dc=lab,dc=it,dc=uc3m,dc=es

# 0384125, Alum, lab.it.uc3m.es
dn: uid=0384125,ou=Alum,dc=lab,dc=it,dc=uc3m,dc=es

# 0384009, Alum, lab.it.uc3m.es
dn: uid=0384009,ou=Alum,dc=lab,dc=it,dc=uc3m,dc=es

# 0384076, Alum, lab.it.uc3m.es
dn: uid=0384076,ou=Alum,dc=lab,dc=it,dc=uc3m,dc=es

# 0384133, Alum, lab.it.uc3m.es
dn: uid=0384133,ou=Alum,dc=lab,dc=it,dc=uc3m,dc=es

# 0384097, Alum, lab.it.uc3m.es
dn: uid=0384097,ou=Alum,dc=lab,dc=it,dc=uc3m,dc=es

# 0384011, Alum, lab.it.uc3m.es
dn: uid=0384011,ou=Alum,dc=lab,dc=it,dc=uc3m,dc=es

# 0384073, Alum, lab.it.uc3m.es
dn: uid=0384073,ou=Alum,dc=lab,dc=it,dc=uc3m,dc=es

# 0383998, Alum, lab.it.uc3m.es
dn: uid=0383998,ou=Alum,dc=lab,dc=it,dc=uc3m,dc=es

# 0384088, Alum, lab.it.uc3m.es
dn: uid=0384088,ou=Alum,dc=lab,dc=it,dc=uc3m,dc=es

# 0406535, Alum, lab.it.uc3m.es
dn: uid=0406535,ou=Alum,dc=lab,dc=it,dc=uc3m,dc=es

# 0406548, Alum, lab.it.uc3m.es
dn: uid=0406548,ou=Alum,dc=lab,dc=it,dc=uc3m,dc=es

# 0406591, Alum, lab.it.uc3m.es
dn: uid=0406591,ou=Alum,dc=lab,dc=it,dc=uc3m,dc=es

# 0406589, Alum, lab.it.uc3m.es
dn: uid=0406589,ou=Alum,dc=lab,dc=it,dc=uc3m,dc=es

# 0406531, Alum, lab.it.uc3m.es
dn: uid=0406531,ou=Alum,dc=lab,dc=it,dc=uc3m,dc=es

# 0406575, Alum, lab.it.uc3m.es
dn: uid=0406575,ou=Alum,dc=lab,dc=it,dc=uc3m,dc=es

# 0406499, Alum, lab.it.uc3m.es
dn: uid=0406499,ou=Alum,dc=lab,dc=it,dc=uc3m,dc=es

# 0406541, Alum, lab.it.uc3m.es
dn: uid=0406541,ou=Alum,dc=lab,dc=it,dc=uc3m,dc=es

# 0406578, Alum, lab.it.uc3m.es
dn: uid=0406578,ou=Alum,dc=lab,dc=it,dc=uc3m,dc=es

# 0406543, Alum, lab.it.uc3m.es
dn: uid=0406543,ou=Alum,dc=lab,dc=it,dc=uc3m,dc=es

# 0406521, Alum, lab.it.uc3m.es
dn: uid=0406521,ou=Alum,dc=lab,dc=it,dc=uc3m,dc=es

# 0406520, Alum, lab.it.uc3m.es
dn: uid=0406520,ou=Alum,dc=lab,dc=it,dc=uc3m,dc=es

# 0406526, Alum, lab.it.uc3m.es
dn: uid=0406526,ou=Alum,dc=lab,dc=it,dc=uc3m,dc=es

# 0406539, Alum, lab.it.uc3m.es
dn: uid=0406539,ou=Alum,dc=lab,dc=it,dc=uc3m,dc=es

# 0406551, Alum, lab.it.uc3m.es
dn: uid=0406551,ou=Alum,dc=lab,dc=it,dc=uc3m,dc=es

# 0406505, Alum, lab.it.uc3m.es
dn: uid=0406505,ou=Alum,dc=lab,dc=it,dc=uc3m,dc=es

# 0406534, Alum, lab.it.uc3m.es
dn: uid=0406534,ou=Alum,dc=lab,dc=it,dc=uc3m,dc=es

# 0406546, Alum, lab.it.uc3m.es
dn: uid=0406546,ou=Alum,dc=lab,dc=it,dc=uc3m,dc=es

# 0406533, Alum, lab.it.uc3m.es
dn: uid=0406533,ou=Alum,dc=lab,dc=it,dc=uc3m,dc=es

# 0406560, Alum, lab.it.uc3m.es
dn: uid=0406560,ou=Alum,dc=lab,dc=it,dc=uc3m,dc=es

# 0384090, Alum, lab.it.uc3m.es
dn: uid=0384090,ou=Alum,dc=lab,dc=it,dc=uc3m,dc=es

# 0406576, Alum, lab.it.uc3m.es
dn: uid=0406576,ou=Alum,dc=lab,dc=it,dc=uc3m,dc=es

# 0406523, Alum, lab.it.uc3m.es
dn: uid=0406523,ou=Alum,dc=lab,dc=it,dc=uc3m,dc=es

# 0406592, Alum, lab.it.uc3m.es
dn: uid=0406592,ou=Alum,dc=lab,dc=it,dc=uc3m,dc=es

# 0406507, Alum, lab.it.uc3m.es
dn: uid=0406507,ou=Alum,dc=lab,dc=it,dc=uc3m,dc=es

# 0406504, Alum, lab.it.uc3m.es
dn: uid=0406504,ou=Alum,dc=lab,dc=it,dc=uc3m,dc=es

# 0406506, Alum, lab.it.uc3m.es
dn: uid=0406506,ou=Alum,dc=lab,dc=it,dc=uc3m,dc=es

# 0406525, Alum, lab.it.uc3m.es
dn: uid=0406525,ou=Alum,dc=lab,dc=it,dc=uc3m,dc=es

# 0406510, Alum, lab.it.uc3m.es
dn: uid=0406510,ou=Alum,dc=lab,dc=it,dc=uc3m,dc=es

# 0406503, Alum, lab.it.uc3m.es
dn: uid=0406503,ou=Alum,dc=lab,dc=it,dc=uc3m,dc=es

# 0386900, Alum, lab.it.uc3m.es
dn: uid=0386900,ou=Alum,dc=lab,dc=it,dc=uc3m,dc=es

# 0384129, Alum, lab.it.uc3m.es
dn: uid=0384129,ou=Alum,dc=lab,dc=it,dc=uc3m,dc=es

# 0406588, Alum, lab.it.uc3m.es
dn: uid=0406588,ou=Alum,dc=lab,dc=it,dc=uc3m,dc=es

# 0384025, Alum, lab.it.uc3m.es
dn: uid=0384025,ou=Alum,dc=lab,dc=it,dc=uc3m,dc=es

# 0406555, Alum, lab.it.uc3m.es
dn: uid=0406555,ou=Alum,dc=lab,dc=it,dc=uc3m,dc=es

# 0406538, Alum, lab.it.uc3m.es
dn: uid=0406538,ou=Alum,dc=lab,dc=it,dc=uc3m,dc=es

# 0406570, Alum, lab.it.uc3m.es
dn: uid=0406570,ou=Alum,dc=lab,dc=it,dc=uc3m,dc=es

# 0406496, Alum, lab.it.uc3m.es
dn: uid=0406496,ou=Alum,dc=lab,dc=it,dc=uc3m,dc=es

# 0406586, Alum, lab.it.uc3m.es
dn: uid=0406586,ou=Alum,dc=lab,dc=it,dc=uc3m,dc=es

# 0406527, Alum, lab.it.uc3m.es
dn: uid=0406527,ou=Alum,dc=lab,dc=it,dc=uc3m,dc=es

# 0406590, Alum, lab.it.uc3m.es
dn: uid=0406590,ou=Alum,dc=lab,dc=it,dc=uc3m,dc=es

# 0406561, Alum, lab.it.uc3m.es
dn: uid=0406561,ou=Alum,dc=lab,dc=it,dc=uc3m,dc=es

# 0406552, Alum, lab.it.uc3m.es
dn: uid=0406552,ou=Alum,dc=lab,dc=it,dc=uc3m,dc=es

# 0406572, Alum, lab.it.uc3m.es
dn: uid=0406572,ou=Alum,dc=lab,dc=it,dc=uc3m,dc=es

# 0406583, Alum, lab.it.uc3m.es
dn: uid=0406583,ou=Alum,dc=lab,dc=it,dc=uc3m,dc=es

# 0406544, Alum, lab.it.uc3m.es
dn: uid=0406544,ou=Alum,dc=lab,dc=it,dc=uc3m,dc=es

# 0406524, Alum, lab.it.uc3m.es
dn: uid=0406524,ou=Alum,dc=lab,dc=it,dc=uc3m,dc=es

# 0406585, Alum, lab.it.uc3m.es
dn: uid=0406585,ou=Alum,dc=lab,dc=it,dc=uc3m,dc=es

# 0406562, Alum, lab.it.uc3m.es
dn: uid=0406562,ou=Alum,dc=lab,dc=it,dc=uc3m,dc=es

# 0406584, Alum, lab.it.uc3m.es
dn: uid=0406584,ou=Alum,dc=lab,dc=it,dc=uc3m,dc=es

# 0406532, Alum, lab.it.uc3m.es
dn: uid=0406532,ou=Alum,dc=lab,dc=it,dc=uc3m,dc=es

# 0406549, Alum, lab.it.uc3m.es
dn: uid=0406549,ou=Alum,dc=lab,dc=it,dc=uc3m,dc=es

# 0406579, Alum, lab.it.uc3m.es
dn: uid=0406579,ou=Alum,dc=lab,dc=it,dc=uc3m,dc=es

# 0406577, Alum, lab.it.uc3m.es
dn: uid=0406577,ou=Alum,dc=lab,dc=it,dc=uc3m,dc=es

# 0406571, Alum, lab.it.uc3m.es
dn: uid=0406571,ou=Alum,dc=lab,dc=it,dc=uc3m,dc=es

# 0406497, Alum, lab.it.uc3m.es
dn: uid=0406497,ou=Alum,dc=lab,dc=it,dc=uc3m,dc=es

# 0409371, Alum, lab.it.uc3m.es
dn: uid=0409371,ou=Alum,dc=lab,dc=it,dc=uc3m,dc=es

# 0406512, Alum, lab.it.uc3m.es
dn: uid=0406512,ou=Alum,dc=lab,dc=it,dc=uc3m,dc=es

# 0406498, Alum, lab.it.uc3m.es
dn: uid=0406498,ou=Alum,dc=lab,dc=it,dc=uc3m,dc=es

# 0406508, Alum, lab.it.uc3m.es
dn: uid=0406508,ou=Alum,dc=lab,dc=it,dc=uc3m,dc=es

# 0406553, Alum, lab.it.uc3m.es
dn: uid=0406553,ou=Alum,dc=lab,dc=it,dc=uc3m,dc=es

# 0409360, Alum, lab.it.uc3m.es
dn: uid=0409360,ou=Alum,dc=lab,dc=it,dc=uc3m,dc=es

# 0400454, Alum, lab.it.uc3m.es
dn: uid=0400454,ou=Alum,dc=lab,dc=it,dc=uc3m,dc=es

# 0406568, Alum, lab.it.uc3m.es
dn: uid=0406568,ou=Alum,dc=lab,dc=it,dc=uc3m,dc=es

# 0406515, Alum, lab.it.uc3m.es
dn: uid=0406515,ou=Alum,dc=lab,dc=it,dc=uc3m,dc=es

# 0406518, Alum, lab.it.uc3m.es
dn: uid=0406518,ou=Alum,dc=lab,dc=it,dc=uc3m,dc=es

# 0406517, Alum, lab.it.uc3m.es
dn: uid=0406517,ou=Alum,dc=lab,dc=it,dc=uc3m,dc=es

# 0409341, Alum, lab.it.uc3m.es
dn: uid=0409341,ou=Alum,dc=lab,dc=it,dc=uc3m,dc=es

# 0406557, Alum, lab.it.uc3m.es
dn: uid=0406557,ou=Alum,dc=lab,dc=it,dc=uc3m,dc=es

# 0384072, Alum, lab.it.uc3m.es
dn: uid=0384072,ou=Alum,dc=lab,dc=it,dc=uc3m,dc=es

# 0406558, Alum, lab.it.uc3m.es
dn: uid=0406558,ou=Alum,dc=lab,dc=it,dc=uc3m,dc=es

# 0406514, Alum, lab.it.uc3m.es
dn: uid=0406514,ou=Alum,dc=lab,dc=it,dc=uc3m,dc=es

# 0406542, Alum, lab.it.uc3m.es
dn: uid=0406542,ou=Alum,dc=lab,dc=it,dc=uc3m,dc=es

# 0432550, Alum, lab.it.uc3m.es
dn: uid=0432550,ou=Alum,dc=lab,dc=it,dc=uc3m,dc=es

# 0429741, Alum, lab.it.uc3m.es
dn: uid=0429741,ou=Alum,dc=lab,dc=it,dc=uc3m,dc=es

# 0406500, Alum, lab.it.uc3m.es
dn: uid=0406500,ou=Alum,dc=lab,dc=it,dc=uc3m,dc=es

# 0429710, Alum, lab.it.uc3m.es
dn: uid=0429710,ou=Alum,dc=lab,dc=it,dc=uc3m,dc=es

# 0406582, Alum, lab.it.uc3m.es
dn: uid=0406582,ou=Alum,dc=lab,dc=it,dc=uc3m,dc=es

# 0429727, Alum, lab.it.uc3m.es
dn: uid=0429727,ou=Alum,dc=lab,dc=it,dc=uc3m,dc=es

# 0429728, Alum, lab.it.uc3m.es
dn: uid=0429728,ou=Alum,dc=lab,dc=it,dc=uc3m,dc=es

# 0429804, Alum, lab.it.uc3m.es
dn: uid=0429804,ou=Alum,dc=lab,dc=it,dc=uc3m,dc=es

# 0429746, Alum, lab.it.uc3m.es
dn: uid=0429746,ou=Alum,dc=lab,dc=it,dc=uc3m,dc=es

# 0429781, Alum, lab.it.uc3m.es
dn: uid=0429781,ou=Alum,dc=lab,dc=it,dc=uc3m,dc=es

# 0429713, Alum, lab.it.uc3m.es
dn: uid=0429713,ou=Alum,dc=lab,dc=it,dc=uc3m,dc=es

# 0429763, Alum, lab.it.uc3m.es
dn: uid=0429763,ou=Alum,dc=lab,dc=it,dc=uc3m,dc=es

# 0429772, Alum, lab.it.uc3m.es
dn: uid=0429772,ou=Alum,dc=lab,dc=it,dc=uc3m,dc=es

# 0429744, Alum, lab.it.uc3m.es
dn: uid=0429744,ou=Alum,dc=lab,dc=it,dc=uc3m,dc=es

# 0429807, Alum, lab.it.uc3m.es
dn: uid=0429807,ou=Alum,dc=lab,dc=it,dc=uc3m,dc=es

# 0429694, Alum, lab.it.uc3m.es
dn: uid=0429694,ou=Alum,dc=lab,dc=it,dc=uc3m,dc=es

# 0429742, Alum, lab.it.uc3m.es
dn: uid=0429742,ou=Alum,dc=lab,dc=it,dc=uc3m,dc=es

# 0429705, Alum, lab.it.uc3m.es
dn: uid=0429705,ou=Alum,dc=lab,dc=it,dc=uc3m,dc=es

# 0429721, Alum, lab.it.uc3m.es
dn: uid=0429721,ou=Alum,dc=lab,dc=it,dc=uc3m,dc=es

# 0429692, Alum, lab.it.uc3m.es
dn: uid=0429692,ou=Alum,dc=lab,dc=it,dc=uc3m,dc=es

# 0429809, Alum, lab.it.uc3m.es
dn: uid=0429809,ou=Alum,dc=lab,dc=it,dc=uc3m,dc=es

# 0429734, Alum, lab.it.uc3m.es
dn: uid=0429734,ou=Alum,dc=lab,dc=it,dc=uc3m,dc=es

# 0429724, Alum, lab.it.uc3m.es
dn: uid=0429724,ou=Alum,dc=lab,dc=it,dc=uc3m,dc=es

# 0429818, Alum, lab.it.uc3m.es
dn: uid=0429818,ou=Alum,dc=lab,dc=it,dc=uc3m,dc=es

# 0429770, Alum, lab.it.uc3m.es
dn: uid=0429770,ou=Alum,dc=lab,dc=it,dc=uc3m,dc=es

# 0429695, Alum, lab.it.uc3m.es
dn: uid=0429695,ou=Alum,dc=lab,dc=it,dc=uc3m,dc=es

# 0429765, Alum, lab.it.uc3m.es
dn: uid=0429765,ou=Alum,dc=lab,dc=it,dc=uc3m,dc=es

# 0429699, Alum, lab.it.uc3m.es
dn: uid=0429699,ou=Alum,dc=lab,dc=it,dc=uc3m,dc=es

# 0429755, Alum, lab.it.uc3m.es
dn: uid=0429755,ou=Alum,dc=lab,dc=it,dc=uc3m,dc=es

# 0429736, Alum, lab.it.uc3m.es
dn: uid=0429736,ou=Alum,dc=lab,dc=it,dc=uc3m,dc=es

# 0429722, Alum, lab.it.uc3m.es
dn: uid=0429722,ou=Alum,dc=lab,dc=it,dc=uc3m,dc=es

# 0406540, Alum, lab.it.uc3m.es
dn: uid=0406540,ou=Alum,dc=lab,dc=it,dc=uc3m,dc=es

# 0429693, Alum, lab.it.uc3m.es
dn: uid=0429693,ou=Alum,dc=lab,dc=it,dc=uc3m,dc=es

# 0429821, Alum, lab.it.uc3m.es
dn: uid=0429821,ou=Alum,dc=lab,dc=it,dc=uc3m,dc=es

# 0429743, Alum, lab.it.uc3m.es
dn: uid=0429743,ou=Alum,dc=lab,dc=it,dc=uc3m,dc=es

# 0429802, Alum, lab.it.uc3m.es
dn: uid=0429802,ou=Alum,dc=lab,dc=it,dc=uc3m,dc=es

# 0429761, Alum, lab.it.uc3m.es
dn: uid=0429761,ou=Alum,dc=lab,dc=it,dc=uc3m,dc=es

# 0406587, Alum, lab.it.uc3m.es
dn: uid=0406587,ou=Alum,dc=lab,dc=it,dc=uc3m,dc=es

# 0429774, Alum, lab.it.uc3m.es
dn: uid=0429774,ou=Alum,dc=lab,dc=it,dc=uc3m,dc=es

# 0429766, Alum, lab.it.uc3m.es
dn: uid=0429766,ou=Alum,dc=lab,dc=it,dc=uc3m,dc=es

# 0429780, Alum, lab.it.uc3m.es
dn: uid=0429780,ou=Alum,dc=lab,dc=it,dc=uc3m,dc=es

# 0429817, Alum, lab.it.uc3m.es
dn: uid=0429817,ou=Alum,dc=lab,dc=it,dc=uc3m,dc=es

# 0429768, Alum, lab.it.uc3m.es
dn: uid=0429768,ou=Alum,dc=lab,dc=it,dc=uc3m,dc=es

# 0429717, Alum, lab.it.uc3m.es
dn: uid=0429717,ou=Alum,dc=lab,dc=it,dc=uc3m,dc=es

# 0429758, Alum, lab.it.uc3m.es
dn: uid=0429758,ou=Alum,dc=lab,dc=it,dc=uc3m,dc=es

# 0429726, Alum, lab.it.uc3m.es
dn: uid=0429726,ou=Alum,dc=lab,dc=it,dc=uc3m,dc=es

# 0429786, Alum, lab.it.uc3m.es
dn: uid=0429786,ou=Alum,dc=lab,dc=it,dc=uc3m,dc=es

# 0429829, Alum, lab.it.uc3m.es
dn: uid=0429829,ou=Alum,dc=lab,dc=it,dc=uc3m,dc=es

# 0429703, Alum, lab.it.uc3m.es
dn: uid=0429703,ou=Alum,dc=lab,dc=it,dc=uc3m,dc=es

# 0429756, Alum, lab.it.uc3m.es
dn: uid=0429756,ou=Alum,dc=lab,dc=it,dc=uc3m,dc=es

# 0429708, Alum, lab.it.uc3m.es
dn: uid=0429708,ou=Alum,dc=lab,dc=it,dc=uc3m,dc=es

# 0429775, Alum, lab.it.uc3m.es
dn: uid=0429775,ou=Alum,dc=lab,dc=it,dc=uc3m,dc=es

# 0429830, Alum, lab.it.uc3m.es
dn: uid=0429830,ou=Alum,dc=lab,dc=it,dc=uc3m,dc=es

# 0429718, Alum, lab.it.uc3m.es
dn: uid=0429718,ou=Alum,dc=lab,dc=it,dc=uc3m,dc=es

# 0429823, Alum, lab.it.uc3m.es
dn: uid=0429823,ou=Alum,dc=lab,dc=it,dc=uc3m,dc=es

# 0429803, Alum, lab.it.uc3m.es
dn: uid=0429803,ou=Alum,dc=lab,dc=it,dc=uc3m,dc=es

# 0429784, Alum, lab.it.uc3m.es
dn: uid=0429784,ou=Alum,dc=lab,dc=it,dc=uc3m,dc=es

# 0429825, Alum, lab.it.uc3m.es
dn: uid=0429825,ou=Alum,dc=lab,dc=it,dc=uc3m,dc=es

# 0429787, Alum, lab.it.uc3m.es
dn: uid=0429787,ou=Alum,dc=lab,dc=it,dc=uc3m,dc=es

# 0429831, Alum, lab.it.uc3m.es
dn: uid=0429831,ou=Alum,dc=lab,dc=it,dc=uc3m,dc=es

# 0429760, Alum, lab.it.uc3m.es
dn: uid=0429760,ou=Alum,dc=lab,dc=it,dc=uc3m,dc=es

# 0330717, Alum, lab.it.uc3m.es
dn: uid=0330717,ou=Alum,dc=lab,dc=it,dc=uc3m,dc=es

# 0364577, Alum, lab.it.uc3m.es
dn: uid=0364577,ou=Alum,dc=lab,dc=it,dc=uc3m,dc=es

# 0429751, Alum, lab.it.uc3m.es
dn: uid=0429751,ou=Alum,dc=lab,dc=it,dc=uc3m,dc=es

# 0429832, Alum, lab.it.uc3m.es
dn: uid=0429832,ou=Alum,dc=lab,dc=it,dc=uc3m,dc=es

# 0451657, Alum, lab.it.uc3m.es
dn: uid=0451657,ou=Alum,dc=lab,dc=it,dc=uc3m,dc=es

# 0451366, Alum, lab.it.uc3m.es
dn: uid=0451366,ou=Alum,dc=lab,dc=it,dc=uc3m,dc=es

# 0451550, Alum, lab.it.uc3m.es
dn: uid=0451550,ou=Alum,dc=lab,dc=it,dc=uc3m,dc=es

# 0451631, Alum, lab.it.uc3m.es
dn: uid=0451631,ou=Alum,dc=lab,dc=it,dc=uc3m,dc=es

# 0451479, Alum, lab.it.uc3m.es
dn: uid=0451479,ou=Alum,dc=lab,dc=it,dc=uc3m,dc=es

# 0451548, Alum, lab.it.uc3m.es
dn: uid=0451548,ou=Alum,dc=lab,dc=it,dc=uc3m,dc=es

# 0451459, Alum, lab.it.uc3m.es
dn: uid=0451459,ou=Alum,dc=lab,dc=it,dc=uc3m,dc=es

# 0451423, Alum, lab.it.uc3m.es
dn: uid=0451423,ou=Alum,dc=lab,dc=it,dc=uc3m,dc=es

# 0451547, Alum, lab.it.uc3m.es
dn: uid=0451547,ou=Alum,dc=lab,dc=it,dc=uc3m,dc=es

# 0451473, Alum, lab.it.uc3m.es
dn: uid=0451473,ou=Alum,dc=lab,dc=it,dc=uc3m,dc=es

# 0451470, Alum, lab.it.uc3m.es
dn: uid=0451470,ou=Alum,dc=lab,dc=it,dc=uc3m,dc=es

# 0451514, Alum, lab.it.uc3m.es
dn: uid=0451514,ou=Alum,dc=lab,dc=it,dc=uc3m,dc=es

# 0451387, Alum, lab.it.uc3m.es
dn: uid=0451387,ou=Alum,dc=lab,dc=it,dc=uc3m,dc=es

# 0451414, Alum, lab.it.uc3m.es
dn: uid=0451414,ou=Alum,dc=lab,dc=it,dc=uc3m,dc=es

# 0451559, Alum, lab.it.uc3m.es
dn: uid=0451559,ou=Alum,dc=lab,dc=it,dc=uc3m,dc=es

# 0451440, Alum, lab.it.uc3m.es
dn: uid=0451440,ou=Alum,dc=lab,dc=it,dc=uc3m,dc=es

# 0451637, Alum, lab.it.uc3m.es
dn: uid=0451637,ou=Alum,dc=lab,dc=it,dc=uc3m,dc=es

# 0451534, Alum, lab.it.uc3m.es
dn: uid=0451534,ou=Alum,dc=lab,dc=it,dc=uc3m,dc=es

# 0451458, Alum, lab.it.uc3m.es
dn: uid=0451458,ou=Alum,dc=lab,dc=it,dc=uc3m,dc=es

# 0451482, Alum, lab.it.uc3m.es
dn: uid=0451482,ou=Alum,dc=lab,dc=it,dc=uc3m,dc=es

# 0455602, Alum, lab.it.uc3m.es
dn: uid=0455602,ou=Alum,dc=lab,dc=it,dc=uc3m,dc=es

# 0451577, Alum, lab.it.uc3m.es
dn: uid=0451577,ou=Alum,dc=lab,dc=it,dc=uc3m,dc=es

# 0451528, Alum, lab.it.uc3m.es
dn: uid=0451528,ou=Alum,dc=lab,dc=it,dc=uc3m,dc=es

# 0451389, Alum, lab.it.uc3m.es
dn: uid=0451389,ou=Alum,dc=lab,dc=it,dc=uc3m,dc=es

# 0451409, Alum, lab.it.uc3m.es
dn: uid=0451409,ou=Alum,dc=lab,dc=it,dc=uc3m,dc=es

# 0451490, Alum, lab.it.uc3m.es
dn: uid=0451490,ou=Alum,dc=lab,dc=it,dc=uc3m,dc=es

# 0451546, Alum, lab.it.uc3m.es
dn: uid=0451546,ou=Alum,dc=lab,dc=it,dc=uc3m,dc=es

# 0451446, Alum, lab.it.uc3m.es
dn: uid=0451446,ou=Alum,dc=lab,dc=it,dc=uc3m,dc=es

# 0451431, Alum, lab.it.uc3m.es
dn: uid=0451431,ou=Alum,dc=lab,dc=it,dc=uc3m,dc=es

# 0451445, Alum, lab.it.uc3m.es
dn: uid=0451445,ou=Alum,dc=lab,dc=it,dc=uc3m,dc=es

# 0451544, Alum, lab.it.uc3m.es
dn: uid=0451544,ou=Alum,dc=lab,dc=it,dc=uc3m,dc=es

# 0451650, Alum, lab.it.uc3m.es
dn: uid=0451650,ou=Alum,dc=lab,dc=it,dc=uc3m,dc=es

# 0451426, Alum, lab.it.uc3m.es
dn: uid=0451426,ou=Alum,dc=lab,dc=it,dc=uc3m,dc=es

# 0451629, Alum, lab.it.uc3m.es
dn: uid=0451629,ou=Alum,dc=lab,dc=it,dc=uc3m,dc=es

# 0429778, Alum, lab.it.uc3m.es
dn: uid=0429778,ou=Alum,dc=lab,dc=it,dc=uc3m,dc=es

# 0451411, Alum, lab.it.uc3m.es
dn: uid=0451411,ou=Alum,dc=lab,dc=it,dc=uc3m,dc=es

# 0451489, Alum, lab.it.uc3m.es
dn: uid=0451489,ou=Alum,dc=lab,dc=it,dc=uc3m,dc=es

# 0451468, Alum, lab.it.uc3m.es
dn: uid=0451468,ou=Alum,dc=lab,dc=it,dc=uc3m,dc=es

# 0454565, Alum, lab.it.uc3m.es
dn: uid=0454565,ou=Alum,dc=lab,dc=it,dc=uc3m,dc=es

# 0429805, Alum, lab.it.uc3m.es
dn: uid=0429805,ou=Alum,dc=lab,dc=it,dc=uc3m,dc=es

# 0451664, Alum, lab.it.uc3m.es
dn: uid=0451664,ou=Alum,dc=lab,dc=it,dc=uc3m,dc=es

# 0451417, Alum, lab.it.uc3m.es
dn: uid=0451417,ou=Alum,dc=lab,dc=it,dc=uc3m,dc=es

# 0451444, Alum, lab.it.uc3m.es
dn: uid=0451444,ou=Alum,dc=lab,dc=it,dc=uc3m,dc=es

# 0414832, Alum, lab.it.uc3m.es
dn: uid=0414832,ou=Alum,dc=lab,dc=it,dc=uc3m,dc=es

# 0451568, Alum, lab.it.uc3m.es
dn: uid=0451568,ou=Alum,dc=lab,dc=it,dc=uc3m,dc=es

# 0451511, Alum, lab.it.uc3m.es
dn: uid=0451511,ou=Alum,dc=lab,dc=it,dc=uc3m,dc=es

# 0451586, Alum, lab.it.uc3m.es
dn: uid=0451586,ou=Alum,dc=lab,dc=it,dc=uc3m,dc=es

# 0451500, Alum, lab.it.uc3m.es
dn: uid=0451500,ou=Alum,dc=lab,dc=it,dc=uc3m,dc=es

# 0451633, Alum, lab.it.uc3m.es
dn: uid=0451633,ou=Alum,dc=lab,dc=it,dc=uc3m,dc=es

# 0429690, Alum, lab.it.uc3m.es
dn: uid=0429690,ou=Alum,dc=lab,dc=it,dc=uc3m,dc=es

# 0451533, Alum, lab.it.uc3m.es
dn: uid=0451533,ou=Alum,dc=lab,dc=it,dc=uc3m,dc=es

# 0451549, Alum, lab.it.uc3m.es
dn: uid=0451549,ou=Alum,dc=lab,dc=it,dc=uc3m,dc=es

# 0429783, Alum, lab.it.uc3m.es
dn: uid=0429783,ou=Alum,dc=lab,dc=it,dc=uc3m,dc=es

# 0451487, Alum, lab.it.uc3m.es
dn: uid=0451487,ou=Alum,dc=lab,dc=it,dc=uc3m,dc=es

# 0346878, Alum, lab.it.uc3m.es
dn: uid=0346878,ou=Alum,dc=lab,dc=it,dc=uc3m,dc=es

# 0429696, Alum, lab.it.uc3m.es
dn: uid=0429696,ou=Alum,dc=lab,dc=it,dc=uc3m,dc=es

# 0451525, Alum, lab.it.uc3m.es
dn: uid=0451525,ou=Alum,dc=lab,dc=it,dc=uc3m,dc=es

# 0451397, Alum, lab.it.uc3m.es
dn: uid=0451397,ou=Alum,dc=lab,dc=it,dc=uc3m,dc=es

# 0451529, Alum, lab.it.uc3m.es
dn: uid=0451529,ou=Alum,dc=lab,dc=it,dc=uc3m,dc=es

# 0451648, Alum, lab.it.uc3m.es
dn: uid=0451648,ou=Alum,dc=lab,dc=it,dc=uc3m,dc=es

# 0451481, Alum, lab.it.uc3m.es
dn: uid=0451481,ou=Alum,dc=lab,dc=it,dc=uc3m,dc=es

# 0451465, Alum, lab.it.uc3m.es
dn: uid=0451465,ou=Alum,dc=lab,dc=it,dc=uc3m,dc=es

# 0451540, Alum, lab.it.uc3m.es
dn: uid=0451540,ou=Alum,dc=lab,dc=it,dc=uc3m,dc=es

# 0451381, Alum, lab.it.uc3m.es
dn: uid=0451381,ou=Alum,dc=lab,dc=it,dc=uc3m,dc=es

# 0451436, Alum, lab.it.uc3m.es
dn: uid=0451436,ou=Alum,dc=lab,dc=it,dc=uc3m,dc=es

# 0451377, Alum, lab.it.uc3m.es
dn: uid=0451377,ou=Alum,dc=lab,dc=it,dc=uc3m,dc=es

# 0451400, Alum, lab.it.uc3m.es
dn: uid=0451400,ou=Alum,dc=lab,dc=it,dc=uc3m,dc=es

# 0451603, Alum, lab.it.uc3m.es
dn: uid=0451603,ou=Alum,dc=lab,dc=it,dc=uc3m,dc=es

# 0451364, Alum, lab.it.uc3m.es
dn: uid=0451364,ou=Alum,dc=lab,dc=it,dc=uc3m,dc=es

# 0451625, Alum, lab.it.uc3m.es
dn: uid=0451625,ou=Alum,dc=lab,dc=it,dc=uc3m,dc=es

# 0472852, Alum, lab.it.uc3m.es
dn: uid=0472852,ou=Alum,dc=lab,dc=it,dc=uc3m,dc=es

# 0472732, Alum, lab.it.uc3m.es
dn: uid=0472732,ou=Alum,dc=lab,dc=it,dc=uc3m,dc=es

# 0472893, Alum, lab.it.uc3m.es
dn: uid=0472893,ou=Alum,dc=lab,dc=it,dc=uc3m,dc=es

# 0472700, Alum, lab.it.uc3m.es
dn: uid=0472700,ou=Alum,dc=lab,dc=it,dc=uc3m,dc=es

# 0472725, Alum, lab.it.uc3m.es
dn: uid=0472725,ou=Alum,dc=lab,dc=it,dc=uc3m,dc=es

# 0472860, Alum, lab.it.uc3m.es
dn: uid=0472860,ou=Alum,dc=lab,dc=it,dc=uc3m,dc=es

# 0472810, Alum, lab.it.uc3m.es
dn: uid=0472810,ou=Alum,dc=lab,dc=it,dc=uc3m,dc=es

# 0472904, Alum, lab.it.uc3m.es
dn: uid=0472904,ou=Alum,dc=lab,dc=it,dc=uc3m,dc=es

# 0472773, Alum, lab.it.uc3m.es
dn: uid=0472773,ou=Alum,dc=lab,dc=it,dc=uc3m,dc=es

# 0472903, Alum, lab.it.uc3m.es
dn: uid=0472903,ou=Alum,dc=lab,dc=it,dc=uc3m,dc=es

# 0472788, Alum, lab.it.uc3m.es
dn: uid=0472788,ou=Alum,dc=lab,dc=it,dc=uc3m,dc=es

# 0472699, Alum, lab.it.uc3m.es
dn: uid=0472699,ou=Alum,dc=lab,dc=it,dc=uc3m,dc=es

# 0475920, Alum, lab.it.uc3m.es
dn: uid=0475920,ou=Alum,dc=lab,dc=it,dc=uc3m,dc=es

# 0472828, Alum, lab.it.uc3m.es
dn: uid=0472828,ou=Alum,dc=lab,dc=it,dc=uc3m,dc=es

# 0472824, Alum, lab.it.uc3m.es
dn: uid=0472824,ou=Alum,dc=lab,dc=it,dc=uc3m,dc=es

# 0475685, Alum, lab.it.uc3m.es
dn: uid=0475685,ou=Alum,dc=lab,dc=it,dc=uc3m,dc=es

# 0472880, Alum, lab.it.uc3m.es
dn: uid=0472880,ou=Alum,dc=lab,dc=it,dc=uc3m,dc=es

# 0472842, Alum, lab.it.uc3m.es
dn: uid=0472842,ou=Alum,dc=lab,dc=it,dc=uc3m,dc=es

# 0472886, Alum, lab.it.uc3m.es
dn: uid=0472886,ou=Alum,dc=lab,dc=it,dc=uc3m,dc=es

# 0472789, Alum, lab.it.uc3m.es
dn: uid=0472789,ou=Alum,dc=lab,dc=it,dc=uc3m,dc=es

# 0451614, Alum, lab.it.uc3m.es
dn: uid=0451614,ou=Alum,dc=lab,dc=it,dc=uc3m,dc=es

# 0459635, Alum, lab.it.uc3m.es
dn: uid=0459635,ou=Alum,dc=lab,dc=it,dc=uc3m,dc=es

# 0472808, Alum, lab.it.uc3m.es
dn: uid=0472808,ou=Alum,dc=lab,dc=it,dc=uc3m,dc=es

# 0472857, Alum, lab.it.uc3m.es
dn: uid=0472857,ou=Alum,dc=lab,dc=it,dc=uc3m,dc=es

# 0472841, Alum, lab.it.uc3m.es
dn: uid=0472841,ou=Alum,dc=lab,dc=it,dc=uc3m,dc=es

# 0472719, Alum, lab.it.uc3m.es
dn: uid=0472719,ou=Alum,dc=lab,dc=it,dc=uc3m,dc=es

# 0472759, Alum, lab.it.uc3m.es
dn: uid=0472759,ou=Alum,dc=lab,dc=it,dc=uc3m,dc=es

# 0472822, Alum, lab.it.uc3m.es
dn: uid=0472822,ou=Alum,dc=lab,dc=it,dc=uc3m,dc=es

# 0472806, Alum, lab.it.uc3m.es
dn: uid=0472806,ou=Alum,dc=lab,dc=it,dc=uc3m,dc=es

# 0472724, Alum, lab.it.uc3m.es
dn: uid=0472724,ou=Alum,dc=lab,dc=it,dc=uc3m,dc=es

# 0472703, Alum, lab.it.uc3m.es
dn: uid=0472703,ou=Alum,dc=lab,dc=it,dc=uc3m,dc=es

# 0472884, Alum, lab.it.uc3m.es
dn: uid=0472884,ou=Alum,dc=lab,dc=it,dc=uc3m,dc=es

# 0451484, Alum, lab.it.uc3m.es
dn: uid=0451484,ou=Alum,dc=lab,dc=it,dc=uc3m,dc=es

# 0472757, Alum, lab.it.uc3m.es
dn: uid=0472757,ou=Alum,dc=lab,dc=it,dc=uc3m,dc=es

# 0472839, Alum, lab.it.uc3m.es
dn: uid=0472839,ou=Alum,dc=lab,dc=it,dc=uc3m,dc=es

# 0472840, Alum, lab.it.uc3m.es
dn: uid=0472840,ou=Alum,dc=lab,dc=it,dc=uc3m,dc=es

# 0472742, Alum, lab.it.uc3m.es
dn: uid=0472742,ou=Alum,dc=lab,dc=it,dc=uc3m,dc=es

# 0472751, Alum, lab.it.uc3m.es
dn: uid=0472751,ou=Alum,dc=lab,dc=it,dc=uc3m,dc=es

# 0472735, Alum, lab.it.uc3m.es
dn: uid=0472735,ou=Alum,dc=lab,dc=it,dc=uc3m,dc=es

# 0472894, Alum, lab.it.uc3m.es
dn: uid=0472894,ou=Alum,dc=lab,dc=it,dc=uc3m,dc=es

# 0472779, Alum, lab.it.uc3m.es
dn: uid=0472779,ou=Alum,dc=lab,dc=it,dc=uc3m,dc=es

# 0451505, Alum, lab.it.uc3m.es
dn: uid=0451505,ou=Alum,dc=lab,dc=it,dc=uc3m,dc=es

# 0472777, Alum, lab.it.uc3m.es
dn: uid=0472777,ou=Alum,dc=lab,dc=it,dc=uc3m,dc=es

# 0472846, Alum, lab.it.uc3m.es
dn: uid=0472846,ou=Alum,dc=lab,dc=it,dc=uc3m,dc=es

# 0472734, Alum, lab.it.uc3m.es
dn: uid=0472734,ou=Alum,dc=lab,dc=it,dc=uc3m,dc=es

# 0472738, Alum, lab.it.uc3m.es
dn: uid=0472738,ou=Alum,dc=lab,dc=it,dc=uc3m,dc=es

# 0472875, Alum, lab.it.uc3m.es
dn: uid=0472875,ou=Alum,dc=lab,dc=it,dc=uc3m,dc=es

# 0472750, Alum, lab.it.uc3m.es
dn: uid=0472750,ou=Alum,dc=lab,dc=it,dc=uc3m,dc=es

# 0472876, Alum, lab.it.uc3m.es
dn: uid=0472876,ou=Alum,dc=lab,dc=it,dc=uc3m,dc=es

# 0475562, Alum, lab.it.uc3m.es
dn: uid=0475562,ou=Alum,dc=lab,dc=it,dc=uc3m,dc=es

# 0472851, Alum, lab.it.uc3m.es
dn: uid=0472851,ou=Alum,dc=lab,dc=it,dc=uc3m,dc=es

# 0472746, Alum, lab.it.uc3m.es
dn: uid=0472746,ou=Alum,dc=lab,dc=it,dc=uc3m,dc=es

# 0472769, Alum, lab.it.uc3m.es
dn: uid=0472769,ou=Alum,dc=lab,dc=it,dc=uc3m,dc=es

# 0472862, Alum, lab.it.uc3m.es
dn: uid=0472862,ou=Alum,dc=lab,dc=it,dc=uc3m,dc=es

# 0406530, Alum, lab.it.uc3m.es
dn: uid=0406530,ou=Alum,dc=lab,dc=it,dc=uc3m,dc=es

# 0472770, Alum, lab.it.uc3m.es
dn: uid=0472770,ou=Alum,dc=lab,dc=it,dc=uc3m,dc=es

# 0472728, Alum, lab.it.uc3m.es
dn: uid=0472728,ou=Alum,dc=lab,dc=it,dc=uc3m,dc=es

# 0472821, Alum, lab.it.uc3m.es
dn: uid=0472821,ou=Alum,dc=lab,dc=it,dc=uc3m,dc=es

# 0472755, Alum, lab.it.uc3m.es
dn: uid=0472755,ou=Alum,dc=lab,dc=it,dc=uc3m,dc=es

# 0472802, Alum, lab.it.uc3m.es
dn: uid=0472802,ou=Alum,dc=lab,dc=it,dc=uc3m,dc=es

# 0472743, Alum, lab.it.uc3m.es
dn: uid=0472743,ou=Alum,dc=lab,dc=it,dc=uc3m,dc=es

# 0451667, Alum, lab.it.uc3m.es
dn: uid=0451667,ou=Alum,dc=lab,dc=it,dc=uc3m,dc=es

# 0472805, Alum, lab.it.uc3m.es
dn: uid=0472805,ou=Alum,dc=lab,dc=it,dc=uc3m,dc=es

# 0305028, Alum, lab.it.uc3m.es
dn: uid=0305028,ou=Alum,dc=lab,dc=it,dc=uc3m,dc=es

# 0496069, Alum, lab.it.uc3m.es
dn: uid=0496069,ou=Alum,dc=lab,dc=it,dc=uc3m,dc=es

# 0512565, Alum, lab.it.uc3m.es
dn: uid=0512565,ou=Alum,dc=lab,dc=it,dc=uc3m,dc=es

# 0496091, Alum, lab.it.uc3m.es
dn: uid=0496091,ou=Alum,dc=lab,dc=it,dc=uc3m,dc=es

# 0496037, Alum, lab.it.uc3m.es
dn: uid=0496037,ou=Alum,dc=lab,dc=it,dc=uc3m,dc=es

# 0496315, Alum, lab.it.uc3m.es
dn: uid=0496315,ou=Alum,dc=lab,dc=it,dc=uc3m,dc=es

# 0496159, Alum, lab.it.uc3m.es
dn: uid=0496159,ou=Alum,dc=lab,dc=it,dc=uc3m,dc=es

# 0496143, Alum, lab.it.uc3m.es
dn: uid=0496143,ou=Alum,dc=lab,dc=it,dc=uc3m,dc=es

# 0496129, Alum, lab.it.uc3m.es
dn: uid=0496129,ou=Alum,dc=lab,dc=it,dc=uc3m,dc=es

# 0496083, Alum, lab.it.uc3m.es
dn: uid=0496083,ou=Alum,dc=lab,dc=it,dc=uc3m,dc=es

# 0496135, Alum, lab.it.uc3m.es
dn: uid=0496135,ou=Alum,dc=lab,dc=it,dc=uc3m,dc=es

# 0496052, Alum, lab.it.uc3m.es
dn: uid=0496052,ou=Alum,dc=lab,dc=it,dc=uc3m,dc=es

# 0496209, Alum, lab.it.uc3m.es
dn: uid=0496209,ou=Alum,dc=lab,dc=it,dc=uc3m,dc=es

# 0472837, Alum, lab.it.uc3m.es
dn: uid=0472837,ou=Alum,dc=lab,dc=it,dc=uc3m,dc=es

# 0456442, Alum, lab.it.uc3m.es
dn: uid=0456442,ou=Alum,dc=lab,dc=it,dc=uc3m,dc=es

# 0496027, Alum, lab.it.uc3m.es
dn: uid=0496027,ou=Alum,dc=lab,dc=it,dc=uc3m,dc=es

# 0496225, Alum, lab.it.uc3m.es
dn: uid=0496225,ou=Alum,dc=lab,dc=it,dc=uc3m,dc=es

# 0499728, Alum, lab.it.uc3m.es
dn: uid=0499728,ou=Alum,dc=lab,dc=it,dc=uc3m,dc=es

# 0496119, Alum, lab.it.uc3m.es
dn: uid=0496119,ou=Alum,dc=lab,dc=it,dc=uc3m,dc=es

# 0496098, Alum, lab.it.uc3m.es
dn: uid=0496098,ou=Alum,dc=lab,dc=it,dc=uc3m,dc=es

# 0496002, Alum, lab.it.uc3m.es
dn: uid=0496002,ou=Alum,dc=lab,dc=it,dc=uc3m,dc=es

# 0496001, Alum, lab.it.uc3m.es
dn: uid=0496001,ou=Alum,dc=lab,dc=it,dc=uc3m,dc=es

# 0496240, Alum, lab.it.uc3m.es
dn: uid=0496240,ou=Alum,dc=lab,dc=it,dc=uc3m,dc=es

# 0499600, Alum, lab.it.uc3m.es
dn: uid=0499600,ou=Alum,dc=lab,dc=it,dc=uc3m,dc=es

# 0496156, Alum, lab.it.uc3m.es
dn: uid=0496156,ou=Alum,dc=lab,dc=it,dc=uc3m,dc=es

# 0507557, Alum, lab.it.uc3m.es
dn: uid=0507557,ou=Alum,dc=lab,dc=it,dc=uc3m,dc=es

# 0496239, Alum, lab.it.uc3m.es
dn: uid=0496239,ou=Alum,dc=lab,dc=it,dc=uc3m,dc=es

# 0496004, Alum, lab.it.uc3m.es
dn: uid=0496004,ou=Alum,dc=lab,dc=it,dc=uc3m,dc=es

# 0496151, Alum, lab.it.uc3m.es
dn: uid=0496151,ou=Alum,dc=lab,dc=it,dc=uc3m,dc=es

# 0496260, Alum, lab.it.uc3m.es
dn: uid=0496260,ou=Alum,dc=lab,dc=it,dc=uc3m,dc=es

# 0451469, Alum, lab.it.uc3m.es
dn: uid=0451469,ou=Alum,dc=lab,dc=it,dc=uc3m,dc=es

# 0496273, Alum, lab.it.uc3m.es
dn: uid=0496273,ou=Alum,dc=lab,dc=it,dc=uc3m,dc=es

# 0493990, Alum, lab.it.uc3m.es
dn: uid=0493990,ou=Alum,dc=lab,dc=it,dc=uc3m,dc=es

# 0496146, Alum, lab.it.uc3m.es
dn: uid=0496146,ou=Alum,dc=lab,dc=it,dc=uc3m,dc=es

# 0496229, Alum, lab.it.uc3m.es
dn: uid=0496229,ou=Alum,dc=lab,dc=it,dc=uc3m,dc=es

# 0496251, Alum, lab.it.uc3m.es
dn: uid=0496251,ou=Alum,dc=lab,dc=it,dc=uc3m,dc=es

# 0496080, Alum, lab.it.uc3m.es
dn: uid=0496080,ou=Alum,dc=lab,dc=it,dc=uc3m,dc=es

# 0493484, Alum, lab.it.uc3m.es
dn: uid=0493484,ou=Alum,dc=lab,dc=it,dc=uc3m,dc=es

# 0496148, Alum, lab.it.uc3m.es
dn: uid=0496148,ou=Alum,dc=lab,dc=it,dc=uc3m,dc=es

# 0493451, Alum, lab.it.uc3m.es
dn: uid=0493451,ou=Alum,dc=lab,dc=it,dc=uc3m,dc=es

# 0496161, Alum, lab.it.uc3m.es
dn: uid=0496161,ou=Alum,dc=lab,dc=it,dc=uc3m,dc=es

# 0496033, Alum, lab.it.uc3m.es
dn: uid=0496033,ou=Alum,dc=lab,dc=it,dc=uc3m,dc=es

# 0496194, Alum, lab.it.uc3m.es
dn: uid=0496194,ou=Alum,dc=lab,dc=it,dc=uc3m,dc=es

# 0496281, Alum, lab.it.uc3m.es
dn: uid=0496281,ou=Alum,dc=lab,dc=it,dc=uc3m,dc=es

# 0496107, Alum, lab.it.uc3m.es
dn: uid=0496107,ou=Alum,dc=lab,dc=it,dc=uc3m,dc=es

# 0496029, Alum, lab.it.uc3m.es
dn: uid=0496029,ou=Alum,dc=lab,dc=it,dc=uc3m,dc=es

# 0496242, Alum, lab.it.uc3m.es
dn: uid=0496242,ou=Alum,dc=lab,dc=it,dc=uc3m,dc=es

# 0496265, Alum, lab.it.uc3m.es
dn: uid=0496265,ou=Alum,dc=lab,dc=it,dc=uc3m,dc=es

# 0496117, Alum, lab.it.uc3m.es
dn: uid=0496117,ou=Alum,dc=lab,dc=it,dc=uc3m,dc=es

# 0472737, Alum, lab.it.uc3m.es
dn: uid=0472737,ou=Alum,dc=lab,dc=it,dc=uc3m,dc=es

# 0496180, Alum, lab.it.uc3m.es
dn: uid=0496180,ou=Alum,dc=lab,dc=it,dc=uc3m,dc=es

# 0496277, Alum, lab.it.uc3m.es
dn: uid=0496277,ou=Alum,dc=lab,dc=it,dc=uc3m,dc=es

# 0499714, Alum, lab.it.uc3m.es
dn: uid=0499714,ou=Alum,dc=lab,dc=it,dc=uc3m,dc=es

# 0496141, Alum, lab.it.uc3m.es
dn: uid=0496141,ou=Alum,dc=lab,dc=it,dc=uc3m,dc=es

# 0496049, Alum, lab.it.uc3m.es
dn: uid=0496049,ou=Alum,dc=lab,dc=it,dc=uc3m,dc=es

# 0496188, Alum, lab.it.uc3m.es
dn: uid=0496188,ou=Alum,dc=lab,dc=it,dc=uc3m,dc=es

# 0496178, Alum, lab.it.uc3m.es
dn: uid=0496178,ou=Alum,dc=lab,dc=it,dc=uc3m,dc=es

# 0496042, Alum, lab.it.uc3m.es
dn: uid=0496042,ou=Alum,dc=lab,dc=it,dc=uc3m,dc=es

# 0482791, Alum, lab.it.uc3m.es
dn: uid=0482791,ou=Alum,dc=lab,dc=it,dc=uc3m,dc=es

# 0496175, Alum, lab.it.uc3m.es
dn: uid=0496175,ou=Alum,dc=lab,dc=it,dc=uc3m,dc=es

# 0496153, Alum, lab.it.uc3m.es
dn: uid=0496153,ou=Alum,dc=lab,dc=it,dc=uc3m,dc=es

# 0496255, Alum, lab.it.uc3m.es
dn: uid=0496255,ou=Alum,dc=lab,dc=it,dc=uc3m,dc=es

# 0522671, Alum, lab.it.uc3m.es
dn: uid=0522671,ou=Alum,dc=lab,dc=it,dc=uc3m,dc=es

# 0522810, Alum, lab.it.uc3m.es
dn: uid=0522810,ou=Alum,dc=lab,dc=it,dc=uc3m,dc=es

# 0525712, Alum, lab.it.uc3m.es
dn: uid=0525712,ou=Alum,dc=lab,dc=it,dc=uc3m,dc=es

# 0522802, Alum, lab.it.uc3m.es
dn: uid=0522802,ou=Alum,dc=lab,dc=it,dc=uc3m,dc=es

# 0524565, Alum, lab.it.uc3m.es
dn: uid=0524565,ou=Alum,dc=lab,dc=it,dc=uc3m,dc=es

# 0522657, Alum, lab.it.uc3m.es
dn: uid=0522657,ou=Alum,dc=lab,dc=it,dc=uc3m,dc=es

# 0522800, Alum, lab.it.uc3m.es
dn: uid=0522800,ou=Alum,dc=lab,dc=it,dc=uc3m,dc=es

# 0522933, Alum, lab.it.uc3m.es
dn: uid=0522933,ou=Alum,dc=lab,dc=it,dc=uc3m,dc=es

# 0522711, Alum, lab.it.uc3m.es
dn: uid=0522711,ou=Alum,dc=lab,dc=it,dc=uc3m,dc=es

# 0522673, Alum, lab.it.uc3m.es
dn: uid=0522673,ou=Alum,dc=lab,dc=it,dc=uc3m,dc=es

# 0524742, Alum, lab.it.uc3m.es
dn: uid=0524742,ou=Alum,dc=lab,dc=it,dc=uc3m,dc=es

# 0522876, Alum, lab.it.uc3m.es
dn: uid=0522876,ou=Alum,dc=lab,dc=it,dc=uc3m,dc=es

# 0522676, Alum, lab.it.uc3m.es
dn: uid=0522676,ou=Alum,dc=lab,dc=it,dc=uc3m,dc=es

# 0525019, Alum, lab.it.uc3m.es
dn: uid=0525019,ou=Alum,dc=lab,dc=it,dc=uc3m,dc=es

# 0522755, Alum, lab.it.uc3m.es
dn: uid=0522755,ou=Alum,dc=lab,dc=it,dc=uc3m,dc=es

# 0522858, Alum, lab.it.uc3m.es
dn: uid=0522858,ou=Alum,dc=lab,dc=it,dc=uc3m,dc=es

# 0522883, Alum, lab.it.uc3m.es
dn: uid=0522883,ou=Alum,dc=lab,dc=it,dc=uc3m,dc=es

# 0522794, Alum, lab.it.uc3m.es
dn: uid=0522794,ou=Alum,dc=lab,dc=it,dc=uc3m,dc=es

# 0524705, Alum, lab.it.uc3m.es
dn: uid=0524705,ou=Alum,dc=lab,dc=it,dc=uc3m,dc=es

# 0502392, Alum, lab.it.uc3m.es
dn: uid=0502392,ou=Alum,dc=lab,dc=it,dc=uc3m,dc=es

# 0522834, Alum, lab.it.uc3m.es
dn: uid=0522834,ou=Alum,dc=lab,dc=it,dc=uc3m,dc=es

# 0522736, Alum, lab.it.uc3m.es
dn: uid=0522736,ou=Alum,dc=lab,dc=it,dc=uc3m,dc=es

# 0522787, Alum, lab.it.uc3m.es
dn: uid=0522787,ou=Alum,dc=lab,dc=it,dc=uc3m,dc=es

# 0525473, Alum, lab.it.uc3m.es
dn: uid=0525473,ou=Alum,dc=lab,dc=it,dc=uc3m,dc=es

# 0522860, Alum, lab.it.uc3m.es
dn: uid=0522860,ou=Alum,dc=lab,dc=it,dc=uc3m,dc=es

# 0522838, Alum, lab.it.uc3m.es
dn: uid=0522838,ou=Alum,dc=lab,dc=it,dc=uc3m,dc=es

# 0496145, Alum, lab.it.uc3m.es
dn: uid=0496145,ou=Alum,dc=lab,dc=it,dc=uc3m,dc=es

# 0522874, Alum, lab.it.uc3m.es
dn: uid=0522874,ou=Alum,dc=lab,dc=it,dc=uc3m,dc=es

# 0525672, Alum, lab.it.uc3m.es
dn: uid=0525672,ou=Alum,dc=lab,dc=it,dc=uc3m,dc=es

# 0522739, Alum, lab.it.uc3m.es
dn: uid=0522739,ou=Alum,dc=lab,dc=it,dc=uc3m,dc=es

# 0522697, Alum, lab.it.uc3m.es
dn: uid=0522697,ou=Alum,dc=lab,dc=it,dc=uc3m,dc=es

# 0522750, Alum, lab.it.uc3m.es
dn: uid=0522750,ou=Alum,dc=lab,dc=it,dc=uc3m,dc=es

# 0522662, Alum, lab.it.uc3m.es
dn: uid=0522662,ou=Alum,dc=lab,dc=it,dc=uc3m,dc=es

# 0522771, Alum, lab.it.uc3m.es
dn: uid=0522771,ou=Alum,dc=lab,dc=it,dc=uc3m,dc=es

# 0522892, Alum, lab.it.uc3m.es
dn: uid=0522892,ou=Alum,dc=lab,dc=it,dc=uc3m,dc=es

# 0522821, Alum, lab.it.uc3m.es
dn: uid=0522821,ou=Alum,dc=lab,dc=it,dc=uc3m,dc=es

# 0522871, Alum, lab.it.uc3m.es
dn: uid=0522871,ou=Alum,dc=lab,dc=it,dc=uc3m,dc=es

# 0522701, Alum, lab.it.uc3m.es
dn: uid=0522701,ou=Alum,dc=lab,dc=it,dc=uc3m,dc=es

# 0522817, Alum, lab.it.uc3m.es
dn: uid=0522817,ou=Alum,dc=lab,dc=it,dc=uc3m,dc=es

# 0526015, Alum, lab.it.uc3m.es
dn: uid=0526015,ou=Alum,dc=lab,dc=it,dc=uc3m,dc=es

# 0522852, Alum, lab.it.uc3m.es
dn: uid=0522852,ou=Alum,dc=lab,dc=it,dc=uc3m,dc=es

# 0526115, Alum, lab.it.uc3m.es
dn: uid=0526115,ou=Alum,dc=lab,dc=it,dc=uc3m,dc=es

# 0526101, Alum, lab.it.uc3m.es
dn: uid=0526101,ou=Alum,dc=lab,dc=it,dc=uc3m,dc=es

# 0522935, Alum, lab.it.uc3m.es
dn: uid=0522935,ou=Alum,dc=lab,dc=it,dc=uc3m,dc=es

# 0522752, Alum, lab.it.uc3m.es
dn: uid=0522752,ou=Alum,dc=lab,dc=it,dc=uc3m,dc=es

# 0522764, Alum, lab.it.uc3m.es
dn: uid=0522764,ou=Alum,dc=lab,dc=it,dc=uc3m,dc=es

# 0522737, Alum, lab.it.uc3m.es
dn: uid=0522737,ou=Alum,dc=lab,dc=it,dc=uc3m,dc=es

# 0466277, Alum, lab.it.uc3m.es
dn: uid=0466277,ou=Alum,dc=lab,dc=it,dc=uc3m,dc=es

# 0522774, Alum, lab.it.uc3m.es
dn: uid=0522774,ou=Alum,dc=lab,dc=it,dc=uc3m,dc=es

# 0522698, Alum, lab.it.uc3m.es
dn: uid=0522698,ou=Alum,dc=lab,dc=it,dc=uc3m,dc=es

# 0522851, Alum, lab.it.uc3m.es
dn: uid=0522851,ou=Alum,dc=lab,dc=it,dc=uc3m,dc=es

# 0522820, Alum, lab.it.uc3m.es
dn: uid=0522820,ou=Alum,dc=lab,dc=it,dc=uc3m,dc=es

# 0526055, Alum, lab.it.uc3m.es
dn: uid=0526055,ou=Alum,dc=lab,dc=it,dc=uc3m,dc=es

# 0522826, Alum, lab.it.uc3m.es
dn: uid=0522826,ou=Alum,dc=lab,dc=it,dc=uc3m,dc=es

# 0499582, Alum, lab.it.uc3m.es
dn: uid=0499582,ou=Alum,dc=lab,dc=it,dc=uc3m,dc=es

# 0522905, Alum, lab.it.uc3m.es
dn: uid=0522905,ou=Alum,dc=lab,dc=it,dc=uc3m,dc=es

# 0522880, Alum, lab.it.uc3m.es
dn: uid=0522880,ou=Alum,dc=lab,dc=it,dc=uc3m,dc=es

# 0522686, Alum, lab.it.uc3m.es
dn: uid=0522686,ou=Alum,dc=lab,dc=it,dc=uc3m,dc=es

# 0522782, Alum, lab.it.uc3m.es
dn: uid=0522782,ou=Alum,dc=lab,dc=it,dc=uc3m,dc=es

# 0522843, Alum, lab.it.uc3m.es
dn: uid=0522843,ou=Alum,dc=lab,dc=it,dc=uc3m,dc=es

# 0522922, Alum, lab.it.uc3m.es
dn: uid=0522922,ou=Alum,dc=lab,dc=it,dc=uc3m,dc=es

# 0526108, Alum, lab.it.uc3m.es
dn: uid=0526108,ou=Alum,dc=lab,dc=it,dc=uc3m,dc=es

# 0522678, Alum, lab.it.uc3m.es
dn: uid=0522678,ou=Alum,dc=lab,dc=it,dc=uc3m,dc=es

# 0496093, Alum, lab.it.uc3m.es
dn: uid=0496093,ou=Alum,dc=lab,dc=it,dc=uc3m,dc=es

# 0525603, Alum, lab.it.uc3m.es
dn: uid=0525603,ou=Alum,dc=lab,dc=it,dc=uc3m,dc=es

# 0522716, Alum, lab.it.uc3m.es
dn: uid=0522716,ou=Alum,dc=lab,dc=it,dc=uc3m,dc=es

# search result
search: 2
result: 0 Success

# numResponses: 518
# numEntries: 517
